INFO [2021-02-20 18:57:35] $x
INFO [2021-02-20 18:57:35] list(setO, setN)
INFO [2021-02-20 18:57:35] 
INFO [2021-02-20 18:57:35] $category.names
INFO [2021-02-20 18:57:35] c("Metab Old", "Metab New ")
INFO [2021-02-20 18:57:35] 
INFO [2021-02-20 18:57:35] $filename
INFO [2021-02-20 18:57:35] paste0(pathN, "#14_venn_diagramm.png")
INFO [2021-02-20 18:57:35] 
INFO [2021-02-20 18:57:35] $output
INFO [2021-02-20 18:57:35] [1] TRUE
INFO [2021-02-20 18:57:35] 
INFO [2021-02-20 18:57:35] $imagetype
INFO [2021-02-20 18:57:35] [1] "png"
INFO [2021-02-20 18:57:35] 
INFO [2021-02-20 18:57:35] $height
INFO [2021-02-20 18:57:35] [1] 480
INFO [2021-02-20 18:57:35] 
INFO [2021-02-20 18:57:35] $width
INFO [2021-02-20 18:57:35] [1] 480
INFO [2021-02-20 18:57:35] 
INFO [2021-02-20 18:57:35] $resolution
INFO [2021-02-20 18:57:35] [1] 300
INFO [2021-02-20 18:57:35] 
INFO [2021-02-20 18:57:35] $compression
INFO [2021-02-20 18:57:35] [1] "lzw"
INFO [2021-02-20 18:57:35] 
INFO [2021-02-20 18:57:35] $lwd
INFO [2021-02-20 18:57:35] [1] 2
INFO [2021-02-20 18:57:35] 
INFO [2021-02-20 18:57:35] $lty
INFO [2021-02-20 18:57:35] [1] "blank"
INFO [2021-02-20 18:57:35] 
INFO [2021-02-20 18:57:35] $fill
INFO [2021-02-20 18:57:35] c("lightblue", "yellow")
INFO [2021-02-20 18:57:35] 
INFO [2021-02-20 18:57:35] $cex
INFO [2021-02-20 18:57:35] [1] 0.6
INFO [2021-02-20 18:57:35] 
INFO [2021-02-20 18:57:35] $fontface
INFO [2021-02-20 18:57:35] [1] "bold"
INFO [2021-02-20 18:57:35] 
INFO [2021-02-20 18:57:35] $fontfamily
INFO [2021-02-20 18:57:35] [1] "sans"
INFO [2021-02-20 18:57:35] 
INFO [2021-02-20 18:57:35] $cat.cex
INFO [2021-02-20 18:57:35] [1] 0.6
INFO [2021-02-20 18:57:35] 
INFO [2021-02-20 18:57:35] $cat.fontface
INFO [2021-02-20 18:57:35] [1] "bold"
INFO [2021-02-20 18:57:35] 
