INFO [2021-02-20 18:58:29] $x
INFO [2021-02-20 18:58:29] list(setO, setN)
INFO [2021-02-20 18:58:29] 
INFO [2021-02-20 18:58:29] $category.names
INFO [2021-02-20 18:58:29] c("Metab Old", "Metab New ")
INFO [2021-02-20 18:58:29] 
INFO [2021-02-20 18:58:29] $filename
INFO [2021-02-20 18:58:29] paste0(pathN, "#14_venn_diagramm.png")
INFO [2021-02-20 18:58:29] 
INFO [2021-02-20 18:58:29] $output
INFO [2021-02-20 18:58:29] [1] TRUE
INFO [2021-02-20 18:58:29] 
INFO [2021-02-20 18:58:29] $imagetype
INFO [2021-02-20 18:58:29] [1] "png"
INFO [2021-02-20 18:58:29] 
INFO [2021-02-20 18:58:29] $height
INFO [2021-02-20 18:58:29] [1] 480
INFO [2021-02-20 18:58:29] 
INFO [2021-02-20 18:58:29] $width
INFO [2021-02-20 18:58:29] [1] 480
INFO [2021-02-20 18:58:29] 
INFO [2021-02-20 18:58:29] $resolution
INFO [2021-02-20 18:58:29] [1] 300
INFO [2021-02-20 18:58:29] 
INFO [2021-02-20 18:58:29] $compression
INFO [2021-02-20 18:58:29] [1] "lzw"
INFO [2021-02-20 18:58:29] 
INFO [2021-02-20 18:58:29] $lwd
INFO [2021-02-20 18:58:29] [1] 2
INFO [2021-02-20 18:58:29] 
INFO [2021-02-20 18:58:29] $lty
INFO [2021-02-20 18:58:29] [1] "blank"
INFO [2021-02-20 18:58:29] 
INFO [2021-02-20 18:58:29] $fill
INFO [2021-02-20 18:58:29] c("lightblue", "yellow")
INFO [2021-02-20 18:58:29] 
INFO [2021-02-20 18:58:29] $cex
INFO [2021-02-20 18:58:29] [1] 0.6
INFO [2021-02-20 18:58:29] 
INFO [2021-02-20 18:58:29] $fontface
INFO [2021-02-20 18:58:29] [1] "bold"
INFO [2021-02-20 18:58:29] 
INFO [2021-02-20 18:58:29] $fontfamily
INFO [2021-02-20 18:58:29] [1] "sans"
INFO [2021-02-20 18:58:29] 
INFO [2021-02-20 18:58:29] $cat.cex
INFO [2021-02-20 18:58:29] [1] 0.6
INFO [2021-02-20 18:58:29] 
INFO [2021-02-20 18:58:29] $cat.fontface
INFO [2021-02-20 18:58:29] [1] "bold"
INFO [2021-02-20 18:58:29] 
INFO [2021-02-20 18:58:29] $cat.default.pos
INFO [2021-02-20 18:58:29] [1] "outer"
INFO [2021-02-20 18:58:29] 
INFO [2021-02-20 18:58:29] $cat.pos
INFO [2021-02-20 18:58:29] c(-27, 27)
INFO [2021-02-20 18:58:29] 
