INFO [2021-02-20 19:00:55] $x
INFO [2021-02-20 19:00:55] list(setO, setN)
INFO [2021-02-20 19:00:55] 
INFO [2021-02-20 19:00:55] $category.names
INFO [2021-02-20 19:00:55] c("Metab Old", "Metab New ")
INFO [2021-02-20 19:00:55] 
INFO [2021-02-20 19:00:55] $filename
INFO [2021-02-20 19:00:55] paste0(pathN, "#14_venn_diagramm.png")
INFO [2021-02-20 19:00:55] 
INFO [2021-02-20 19:00:55] $output
INFO [2021-02-20 19:00:55] [1] TRUE
INFO [2021-02-20 19:00:55] 
INFO [2021-02-20 19:00:55] $imagetype
INFO [2021-02-20 19:00:55] [1] "png"
INFO [2021-02-20 19:00:55] 
INFO [2021-02-20 19:00:55] $height
INFO [2021-02-20 19:00:55] [1] 480
INFO [2021-02-20 19:00:55] 
INFO [2021-02-20 19:00:55] $width
INFO [2021-02-20 19:00:55] [1] 480
INFO [2021-02-20 19:00:55] 
INFO [2021-02-20 19:00:55] $resolution
INFO [2021-02-20 19:00:55] [1] 300
INFO [2021-02-20 19:00:55] 
INFO [2021-02-20 19:00:55] $compression
INFO [2021-02-20 19:00:55] [1] "lzw"
INFO [2021-02-20 19:00:55] 
INFO [2021-02-20 19:00:55] $lwd
INFO [2021-02-20 19:00:55] [1] 2
INFO [2021-02-20 19:00:55] 
INFO [2021-02-20 19:00:55] $lty
INFO [2021-02-20 19:00:55] [1] "blank"
INFO [2021-02-20 19:00:55] 
INFO [2021-02-20 19:00:55] $fill
INFO [2021-02-20 19:00:55] c("lightblue", "yellow")
INFO [2021-02-20 19:00:55] 
INFO [2021-02-20 19:00:55] $cex
INFO [2021-02-20 19:00:55] [1] 0.6
INFO [2021-02-20 19:00:55] 
INFO [2021-02-20 19:00:55] $fontface
INFO [2021-02-20 19:00:55] [1] "bold"
INFO [2021-02-20 19:00:55] 
INFO [2021-02-20 19:00:55] $fontfamily
INFO [2021-02-20 19:00:55] [1] "sans"
INFO [2021-02-20 19:00:55] 
INFO [2021-02-20 19:00:55] $cat.cex
INFO [2021-02-20 19:00:55] [1] 0.6
INFO [2021-02-20 19:00:55] 
INFO [2021-02-20 19:00:55] $cat.fontface
INFO [2021-02-20 19:00:55] [1] "bold"
INFO [2021-02-20 19:00:55] 
INFO [2021-02-20 19:00:55] $cat.default.pos
INFO [2021-02-20 19:00:55] [1] "outer"
INFO [2021-02-20 19:00:55] 
INFO [2021-02-20 19:00:55] $cat.pos
INFO [2021-02-20 19:00:55] c(-27, 27)
INFO [2021-02-20 19:00:55] 
INFO [2021-02-20 19:00:55] $cat.dist
INFO [2021-02-20 19:00:55] c(0.055, 0.055)
INFO [2021-02-20 19:00:55] 
INFO [2021-02-20 19:00:55] $cat.fontfamily
INFO [2021-02-20 19:00:55] [1] "sans"
INFO [2021-02-20 19:00:55] 
