INFO [2021-02-20 18:55:02] $x
INFO [2021-02-20 18:55:02] list(setO, setN)
INFO [2021-02-20 18:55:02] 
INFO [2021-02-20 18:55:02] $category.names
INFO [2021-02-20 18:55:02] c("Metab Old", "Metab New ")
INFO [2021-02-20 18:55:02] 
INFO [2021-02-20 18:55:02] $filename
INFO [2021-02-20 18:55:02] paste0(pathN, "#14_venn_diagramm.png")
INFO [2021-02-20 18:55:02] 
INFO [2021-02-20 18:55:02] $output
INFO [2021-02-20 18:55:02] [1] TRUE
INFO [2021-02-20 18:55:02] 
INFO [2021-02-20 18:55:02] $imagetype
INFO [2021-02-20 18:55:02] [1] "png"
INFO [2021-02-20 18:55:02] 
INFO [2021-02-20 18:55:02] $height
INFO [2021-02-20 18:55:02] [1] 480
INFO [2021-02-20 18:55:02] 
INFO [2021-02-20 18:55:02] $width
INFO [2021-02-20 18:55:02] [1] 480
INFO [2021-02-20 18:55:02] 
INFO [2021-02-20 18:55:02] $resolution
INFO [2021-02-20 18:55:02] [1] 300
INFO [2021-02-20 18:55:02] 
INFO [2021-02-20 18:55:02] $compression
INFO [2021-02-20 18:55:02] [1] "lzw"
INFO [2021-02-20 18:55:02] 
INFO [2021-02-20 18:55:02] $lwd
INFO [2021-02-20 18:55:02] [1] 2
INFO [2021-02-20 18:55:02] 
INFO [2021-02-20 18:55:02] $lty
INFO [2021-02-20 18:55:02] [1] "blank"
INFO [2021-02-20 18:55:02] 
INFO [2021-02-20 18:55:02] $fill
INFO [2021-02-20 18:55:02] c("lightblue", "yellow")
INFO [2021-02-20 18:55:02] 
INFO [2021-02-20 18:55:02] $cex
INFO [2021-02-20 18:55:02] [1] 0.6
INFO [2021-02-20 18:55:02] 
INFO [2021-02-20 18:55:02] $fontface
INFO [2021-02-20 18:55:02] [1] "bold"
INFO [2021-02-20 18:55:02] 
INFO [2021-02-20 18:55:02] $fontfamily
INFO [2021-02-20 18:55:02] [1] "sans"
INFO [2021-02-20 18:55:02] 
INFO [2021-02-20 18:55:02] $cat.cex
INFO [2021-02-20 18:55:02] [1] 0.6
INFO [2021-02-20 18:55:02] 
INFO [2021-02-20 18:55:02] $rotation
INFO [2021-02-20 18:55:02] [1] 1
INFO [2021-02-20 18:55:02] 
