INFO [2021-02-20 18:58:05] $x
INFO [2021-02-20 18:58:05] list(setO, setN)
INFO [2021-02-20 18:58:05] 
INFO [2021-02-20 18:58:05] $category.names
INFO [2021-02-20 18:58:05] c("Metab Old", "Metab New ")
INFO [2021-02-20 18:58:05] 
INFO [2021-02-20 18:58:05] $filename
INFO [2021-02-20 18:58:05] paste0(pathN, "#14_venn_diagramm.png")
INFO [2021-02-20 18:58:05] 
INFO [2021-02-20 18:58:05] $output
INFO [2021-02-20 18:58:05] [1] TRUE
INFO [2021-02-20 18:58:05] 
INFO [2021-02-20 18:58:05] $imagetype
INFO [2021-02-20 18:58:05] [1] "png"
INFO [2021-02-20 18:58:05] 
INFO [2021-02-20 18:58:05] $height
INFO [2021-02-20 18:58:05] [1] 480
INFO [2021-02-20 18:58:05] 
INFO [2021-02-20 18:58:05] $width
INFO [2021-02-20 18:58:05] [1] 480
INFO [2021-02-20 18:58:05] 
INFO [2021-02-20 18:58:05] $resolution
INFO [2021-02-20 18:58:05] [1] 300
INFO [2021-02-20 18:58:05] 
INFO [2021-02-20 18:58:05] $compression
INFO [2021-02-20 18:58:05] [1] "lzw"
INFO [2021-02-20 18:58:05] 
INFO [2021-02-20 18:58:05] $lwd
INFO [2021-02-20 18:58:05] [1] 2
INFO [2021-02-20 18:58:05] 
INFO [2021-02-20 18:58:05] $lty
INFO [2021-02-20 18:58:05] [1] "blank"
INFO [2021-02-20 18:58:05] 
INFO [2021-02-20 18:58:05] $fill
INFO [2021-02-20 18:58:05] c("lightblue", "yellow")
INFO [2021-02-20 18:58:05] 
INFO [2021-02-20 18:58:05] $cex
INFO [2021-02-20 18:58:05] [1] 0.6
INFO [2021-02-20 18:58:05] 
INFO [2021-02-20 18:58:05] $fontface
INFO [2021-02-20 18:58:05] [1] "bold"
INFO [2021-02-20 18:58:05] 
INFO [2021-02-20 18:58:05] $fontfamily
INFO [2021-02-20 18:58:05] [1] "sans"
INFO [2021-02-20 18:58:05] 
INFO [2021-02-20 18:58:05] $cat.cex
INFO [2021-02-20 18:58:05] [1] 0.6
INFO [2021-02-20 18:58:05] 
INFO [2021-02-20 18:58:05] $cat.fontface
INFO [2021-02-20 18:58:05] [1] "bold"
INFO [2021-02-20 18:58:05] 
INFO [2021-02-20 18:58:05] $cat.default.pos
INFO [2021-02-20 18:58:05] [1] "outer"
INFO [2021-02-20 18:58:05] 
