INFO [2021-02-20 18:45:11] $x
INFO [2021-02-20 18:45:11] list(setO, setN)
INFO [2021-02-20 18:45:11] 
INFO [2021-02-20 18:45:11] $category.names
INFO [2021-02-20 18:45:11] c("Metab Old", "Metab New ")
INFO [2021-02-20 18:45:11] 
INFO [2021-02-20 18:45:11] $filename
INFO [2021-02-20 18:45:11] paste0(pathN, "#14_venn_diagramm.png")
INFO [2021-02-20 18:45:11] 
INFO [2021-02-20 18:45:11] $output
INFO [2021-02-20 18:45:11] [1] TRUE
INFO [2021-02-20 18:45:11] 
INFO [2021-02-20 18:45:11] $imagetype
INFO [2021-02-20 18:45:11] [1] "png"
INFO [2021-02-20 18:45:11] 
INFO [2021-02-20 18:45:11] $height
INFO [2021-02-20 18:45:11] [1] 480
INFO [2021-02-20 18:45:11] 
INFO [2021-02-20 18:45:11] $width
INFO [2021-02-20 18:45:11] [1] 480
INFO [2021-02-20 18:45:11] 
INFO [2021-02-20 18:45:11] $resolution
INFO [2021-02-20 18:45:11] [1] 300
INFO [2021-02-20 18:45:11] 
INFO [2021-02-20 18:45:11] $compression
INFO [2021-02-20 18:45:11] [1] "lzw"
INFO [2021-02-20 18:45:11] 
INFO [2021-02-20 18:45:11] $lwd
INFO [2021-02-20 18:45:11] [1] 2
INFO [2021-02-20 18:45:11] 
INFO [2021-02-20 18:45:11] $lty
INFO [2021-02-20 18:45:11] [1] "blank"
INFO [2021-02-20 18:45:11] 
INFO [2021-02-20 18:45:11] $fill
INFO [2021-02-20 18:45:11] myCol
INFO [2021-02-20 18:45:11] 
INFO [2021-02-20 18:45:11] $cex
INFO [2021-02-20 18:45:11] [1] 0.6
INFO [2021-02-20 18:45:11] 
INFO [2021-02-20 18:45:11] $fontface
INFO [2021-02-20 18:45:11] [1] "bold"
INFO [2021-02-20 18:45:11] 
INFO [2021-02-20 18:45:11] $fontfamily
INFO [2021-02-20 18:45:11] [1] "sans"
INFO [2021-02-20 18:45:11] 
ERROR [2021-02-20 18:45:11] Unexpected parameter length for 'fill'
