INFO [2021-02-20 18:45:47] $x
INFO [2021-02-20 18:45:47] list(setO, setN)
INFO [2021-02-20 18:45:47] 
INFO [2021-02-20 18:45:47] $category.names
INFO [2021-02-20 18:45:47] c("Metab Old", "Metab New ")
INFO [2021-02-20 18:45:47] 
INFO [2021-02-20 18:45:47] $filename
INFO [2021-02-20 18:45:47] paste0(pathN, "#14_venn_diagramm.png")
INFO [2021-02-20 18:45:47] 
INFO [2021-02-20 18:45:47] $output
INFO [2021-02-20 18:45:47] [1] TRUE
INFO [2021-02-20 18:45:47] 
INFO [2021-02-20 18:45:47] $imagetype
INFO [2021-02-20 18:45:47] [1] "png"
INFO [2021-02-20 18:45:47] 
INFO [2021-02-20 18:45:47] $height
INFO [2021-02-20 18:45:47] [1] 480
INFO [2021-02-20 18:45:47] 
INFO [2021-02-20 18:45:47] $width
INFO [2021-02-20 18:45:47] [1] 480
INFO [2021-02-20 18:45:47] 
INFO [2021-02-20 18:45:47] $resolution
INFO [2021-02-20 18:45:47] [1] 300
INFO [2021-02-20 18:45:47] 
INFO [2021-02-20 18:45:47] $compression
INFO [2021-02-20 18:45:47] [1] "lzw"
INFO [2021-02-20 18:45:47] 
INFO [2021-02-20 18:45:47] $lwd
INFO [2021-02-20 18:45:47] [1] 2
INFO [2021-02-20 18:45:47] 
INFO [2021-02-20 18:45:47] $lty
INFO [2021-02-20 18:45:47] [1] "blank"
INFO [2021-02-20 18:45:47] 
INFO [2021-02-20 18:45:47] $fill
INFO [2021-02-20 18:45:47] c("blue", "yellow")
INFO [2021-02-20 18:45:47] 
INFO [2021-02-20 18:45:47] $cex
INFO [2021-02-20 18:45:47] [1] 0.6
INFO [2021-02-20 18:45:47] 
INFO [2021-02-20 18:45:47] $fontface
INFO [2021-02-20 18:45:47] [1] "bold"
INFO [2021-02-20 18:45:47] 
INFO [2021-02-20 18:45:47] $fontfamily
INFO [2021-02-20 18:45:47] [1] "sans"
INFO [2021-02-20 18:45:47] 
