INFO [2021-02-20 18:53:03] $x
INFO [2021-02-20 18:53:03] list(setO, setN)
INFO [2021-02-20 18:53:03] 
INFO [2021-02-20 18:53:03] $category.names
INFO [2021-02-20 18:53:03] c("Metab Old", "Metab New ")
INFO [2021-02-20 18:53:03] 
INFO [2021-02-20 18:53:03] $filename
INFO [2021-02-20 18:53:03] paste0(pathN, "#14_venn_diagramm.png")
INFO [2021-02-20 18:53:03] 
INFO [2021-02-20 18:53:03] $output
INFO [2021-02-20 18:53:03] [1] TRUE
INFO [2021-02-20 18:53:03] 
INFO [2021-02-20 18:53:03] $imagetype
INFO [2021-02-20 18:53:03] [1] "png"
INFO [2021-02-20 18:53:03] 
INFO [2021-02-20 18:53:03] $height
INFO [2021-02-20 18:53:03] [1] 480
INFO [2021-02-20 18:53:03] 
INFO [2021-02-20 18:53:03] $width
INFO [2021-02-20 18:53:03] [1] 480
INFO [2021-02-20 18:53:03] 
INFO [2021-02-20 18:53:03] $resolution
INFO [2021-02-20 18:53:03] [1] 300
INFO [2021-02-20 18:53:03] 
INFO [2021-02-20 18:53:03] $compression
INFO [2021-02-20 18:53:03] [1] "lzw"
INFO [2021-02-20 18:53:03] 
INFO [2021-02-20 18:53:03] $lwd
INFO [2021-02-20 18:53:03] [1] 2
INFO [2021-02-20 18:53:03] 
INFO [2021-02-20 18:53:03] $lty
INFO [2021-02-20 18:53:03] [1] "blank"
INFO [2021-02-20 18:53:03] 
INFO [2021-02-20 18:53:03] $fill
INFO [2021-02-20 18:53:03] c("lightblue", "yellow")
INFO [2021-02-20 18:53:03] 
INFO [2021-02-20 18:53:03] $cex
INFO [2021-02-20 18:53:03] [1] 0.6
INFO [2021-02-20 18:53:03] 
INFO [2021-02-20 18:53:03] $fontface
INFO [2021-02-20 18:53:03] [1] "bold"
INFO [2021-02-20 18:53:03] 
INFO [2021-02-20 18:53:03] $fontfamily
INFO [2021-02-20 18:53:03] [1] "sans"
INFO [2021-02-20 18:53:03] 
INFO [2021-02-20 18:53:03] $cat.cex
INFO [2021-02-20 18:53:03] [1] 0.6
INFO [2021-02-20 18:53:03] 
INFO [2021-02-20 18:53:03] $cat.fontface
INFO [2021-02-20 18:53:03] [1] "bold"
INFO [2021-02-20 18:53:03] 
INFO [2021-02-20 18:53:03] $cat.default.pos
INFO [2021-02-20 18:53:03] [1] "outer"
INFO [2021-02-20 18:53:03] 
INFO [2021-02-20 18:53:03] $cat.pos
INFO [2021-02-20 18:53:03] c(-27, 27)
INFO [2021-02-20 18:53:03] 
INFO [2021-02-20 18:53:03] $cat.dist
INFO [2021-02-20 18:53:03] c(0.055, 0.055)
INFO [2021-02-20 18:53:03] 
INFO [2021-02-20 18:53:03] $cat.fontfamily
INFO [2021-02-20 18:53:03] [1] "sans"
INFO [2021-02-20 18:53:03] 
INFO [2021-02-20 18:53:03] $rotation
INFO [2021-02-20 18:53:03] [1] 1
INFO [2021-02-20 18:53:03] 
