INFO [2021-02-20 19:00:39] $x
INFO [2021-02-20 19:00:39] list(setO, setN)
INFO [2021-02-20 19:00:39] 
INFO [2021-02-20 19:00:39] $category.names
INFO [2021-02-20 19:00:39] c("Metab Old", "Metab New ")
INFO [2021-02-20 19:00:39] 
INFO [2021-02-20 19:00:39] $filename
INFO [2021-02-20 19:00:39] paste0(pathN, "#14_venn_diagramm.png")
INFO [2021-02-20 19:00:39] 
INFO [2021-02-20 19:00:39] $output
INFO [2021-02-20 19:00:39] [1] TRUE
INFO [2021-02-20 19:00:39] 
INFO [2021-02-20 19:00:39] $imagetype
INFO [2021-02-20 19:00:39] [1] "png"
INFO [2021-02-20 19:00:39] 
INFO [2021-02-20 19:00:39] $height
INFO [2021-02-20 19:00:39] [1] 480
INFO [2021-02-20 19:00:39] 
INFO [2021-02-20 19:00:39] $width
INFO [2021-02-20 19:00:39] [1] 480
INFO [2021-02-20 19:00:39] 
INFO [2021-02-20 19:00:39] $resolution
INFO [2021-02-20 19:00:39] [1] 300
INFO [2021-02-20 19:00:39] 
INFO [2021-02-20 19:00:39] $compression
INFO [2021-02-20 19:00:39] [1] "lzw"
INFO [2021-02-20 19:00:39] 
INFO [2021-02-20 19:00:39] $lwd
INFO [2021-02-20 19:00:39] [1] 2
INFO [2021-02-20 19:00:39] 
INFO [2021-02-20 19:00:39] $lty
INFO [2021-02-20 19:00:39] [1] "blank"
INFO [2021-02-20 19:00:39] 
INFO [2021-02-20 19:00:39] $fill
INFO [2021-02-20 19:00:39] c("lightblue", "yellow")
INFO [2021-02-20 19:00:39] 
INFO [2021-02-20 19:00:39] $cex
INFO [2021-02-20 19:00:39] [1] 0.6
INFO [2021-02-20 19:00:39] 
INFO [2021-02-20 19:00:39] $fontface
INFO [2021-02-20 19:00:39] [1] "bold"
INFO [2021-02-20 19:00:39] 
INFO [2021-02-20 19:00:39] $fontfamily
INFO [2021-02-20 19:00:39] [1] "sans"
INFO [2021-02-20 19:00:39] 
INFO [2021-02-20 19:00:39] $cat.cex
INFO [2021-02-20 19:00:39] [1] 0.6
INFO [2021-02-20 19:00:39] 
INFO [2021-02-20 19:00:39] $cat.fontface
INFO [2021-02-20 19:00:39] [1] "bold"
INFO [2021-02-20 19:00:39] 
INFO [2021-02-20 19:00:39] $cat.default.pos
INFO [2021-02-20 19:00:39] [1] "outer"
INFO [2021-02-20 19:00:39] 
INFO [2021-02-20 19:00:39] $cat.pos
INFO [2021-02-20 19:00:39] c(-27, 27)
INFO [2021-02-20 19:00:39] 
INFO [2021-02-20 19:00:39] $cat.dist
INFO [2021-02-20 19:00:39] c(0.055, 0.055)
INFO [2021-02-20 19:00:39] 
INFO [2021-02-20 19:00:39] $cat.fontfamily
INFO [2021-02-20 19:00:39] [1] "sans"
INFO [2021-02-20 19:00:39] 
INFO [2021-02-20 19:00:39] $rotation
INFO [2021-02-20 19:00:39] [1] 1
INFO [2021-02-20 19:00:39] 
