INFO [2021-02-20 18:51:56] $x
INFO [2021-02-20 18:51:56] list(setO, setN)
INFO [2021-02-20 18:51:56] 
INFO [2021-02-20 18:51:56] $category.names
INFO [2021-02-20 18:51:56] c("Metab Old", "Metab New ")
INFO [2021-02-20 18:51:56] 
INFO [2021-02-20 18:51:56] $filename
INFO [2021-02-20 18:51:56] paste0(pathN, "#14_venn_diagramm.png")
INFO [2021-02-20 18:51:56] 
INFO [2021-02-20 18:51:56] $output
INFO [2021-02-20 18:51:56] [1] TRUE
INFO [2021-02-20 18:51:56] 
INFO [2021-02-20 18:51:56] $imagetype
INFO [2021-02-20 18:51:56] [1] "png"
INFO [2021-02-20 18:51:56] 
INFO [2021-02-20 18:51:56] $height
INFO [2021-02-20 18:51:56] [1] 480
INFO [2021-02-20 18:51:56] 
INFO [2021-02-20 18:51:56] $width
INFO [2021-02-20 18:51:56] [1] 480
INFO [2021-02-20 18:51:56] 
INFO [2021-02-20 18:51:56] $resolution
INFO [2021-02-20 18:51:56] [1] 300
INFO [2021-02-20 18:51:56] 
INFO [2021-02-20 18:51:56] $compression
INFO [2021-02-20 18:51:56] [1] "lzw"
INFO [2021-02-20 18:51:56] 
INFO [2021-02-20 18:51:56] $lwd
INFO [2021-02-20 18:51:56] [1] 2
INFO [2021-02-20 18:51:56] 
INFO [2021-02-20 18:51:56] $lty
INFO [2021-02-20 18:51:56] [1] "blank"
INFO [2021-02-20 18:51:56] 
INFO [2021-02-20 18:51:56] $fill
INFO [2021-02-20 18:51:56] c("lightblue", "yellow")
INFO [2021-02-20 18:51:56] 
INFO [2021-02-20 18:51:56] $cex
INFO [2021-02-20 18:51:56] [1] 0.6
INFO [2021-02-20 18:51:56] 
INFO [2021-02-20 18:51:56] $fontface
INFO [2021-02-20 18:51:56] [1] "bold"
INFO [2021-02-20 18:51:56] 
INFO [2021-02-20 18:51:56] $fontfamily
INFO [2021-02-20 18:51:56] [1] "sans"
INFO [2021-02-20 18:51:56] 
