INFO [2021-02-21 20:34:10] $x
INFO [2021-02-21 20:34:10] list(setO, setN)
INFO [2021-02-21 20:34:10] 
INFO [2021-02-21 20:34:10] $category.names
INFO [2021-02-21 20:34:10] c("Metab Old", "Metab New ")
INFO [2021-02-21 20:34:10] 
INFO [2021-02-21 20:34:10] $filename
INFO [2021-02-21 20:34:10] paste0(pathN, "#downregulated.png")
INFO [2021-02-21 20:34:10] 
INFO [2021-02-21 20:34:10] $output
INFO [2021-02-21 20:34:10] [1] TRUE
INFO [2021-02-21 20:34:10] 
INFO [2021-02-21 20:34:10] $imagetype
INFO [2021-02-21 20:34:10] [1] "png"
INFO [2021-02-21 20:34:10] 
INFO [2021-02-21 20:34:10] $height
INFO [2021-02-21 20:34:10] [1] 480
INFO [2021-02-21 20:34:10] 
INFO [2021-02-21 20:34:10] $width
INFO [2021-02-21 20:34:10] [1] 480
INFO [2021-02-21 20:34:10] 
INFO [2021-02-21 20:34:10] $resolution
INFO [2021-02-21 20:34:10] [1] 300
INFO [2021-02-21 20:34:10] 
INFO [2021-02-21 20:34:10] $compression
INFO [2021-02-21 20:34:10] [1] "lzw"
INFO [2021-02-21 20:34:10] 
INFO [2021-02-21 20:34:10] $lwd
INFO [2021-02-21 20:34:10] [1] 2
INFO [2021-02-21 20:34:10] 
INFO [2021-02-21 20:34:10] $lty
INFO [2021-02-21 20:34:10] [1] "blank"
INFO [2021-02-21 20:34:10] 
INFO [2021-02-21 20:34:10] $fill
INFO [2021-02-21 20:34:10] c("lightblue", "yellow")
INFO [2021-02-21 20:34:10] 
INFO [2021-02-21 20:34:10] $cex
INFO [2021-02-21 20:34:10] [1] 0.6
INFO [2021-02-21 20:34:10] 
INFO [2021-02-21 20:34:10] $fontface
INFO [2021-02-21 20:34:10] [1] "bold"
INFO [2021-02-21 20:34:10] 
INFO [2021-02-21 20:34:10] $fontfamily
INFO [2021-02-21 20:34:10] [1] "sans"
INFO [2021-02-21 20:34:10] 
INFO [2021-02-21 20:34:10] $cat.cex
INFO [2021-02-21 20:34:10] [1] 0.6
INFO [2021-02-21 20:34:10] 
INFO [2021-02-21 20:34:10] $cat.fontface
INFO [2021-02-21 20:34:10] [1] "bold"
INFO [2021-02-21 20:34:10] 
INFO [2021-02-21 20:34:10] $cat.default.pos
INFO [2021-02-21 20:34:10] [1] "outer"
INFO [2021-02-21 20:34:10] 
INFO [2021-02-21 20:34:10] $cat.pos
INFO [2021-02-21 20:34:10] c(-12, 12)
INFO [2021-02-21 20:34:10] 
INFO [2021-02-21 20:34:10] $cat.dist
INFO [2021-02-21 20:34:10] c(0.055, 0.055)
INFO [2021-02-21 20:34:10] 
INFO [2021-02-21 20:34:10] $cat.fontfamily
INFO [2021-02-21 20:34:10] [1] "sans"
INFO [2021-02-21 20:34:10] 
