INFO [2021-02-21 20:26:30] $x
INFO [2021-02-21 20:26:30] list(setO, setN)
INFO [2021-02-21 20:26:30] 
INFO [2021-02-21 20:26:30] $category.names
INFO [2021-02-21 20:26:30] c("Metab Old", "Metab New ")
INFO [2021-02-21 20:26:30] 
INFO [2021-02-21 20:26:30] $filename
INFO [2021-02-21 20:26:30] paste0(pathN, "#downregulated.png")
INFO [2021-02-21 20:26:30] 
INFO [2021-02-21 20:26:30] $output
INFO [2021-02-21 20:26:30] [1] TRUE
INFO [2021-02-21 20:26:30] 
INFO [2021-02-21 20:26:30] $imagetype
INFO [2021-02-21 20:26:30] [1] "png"
INFO [2021-02-21 20:26:30] 
INFO [2021-02-21 20:26:30] $height
INFO [2021-02-21 20:26:30] [1] 480
INFO [2021-02-21 20:26:30] 
INFO [2021-02-21 20:26:30] $width
INFO [2021-02-21 20:26:30] [1] 480
INFO [2021-02-21 20:26:30] 
INFO [2021-02-21 20:26:30] $resolution
INFO [2021-02-21 20:26:30] [1] 300
INFO [2021-02-21 20:26:30] 
INFO [2021-02-21 20:26:30] $compression
INFO [2021-02-21 20:26:30] [1] "lzw"
INFO [2021-02-21 20:26:30] 
INFO [2021-02-21 20:26:30] $lwd
INFO [2021-02-21 20:26:30] [1] 2
INFO [2021-02-21 20:26:30] 
INFO [2021-02-21 20:26:30] $lty
INFO [2021-02-21 20:26:30] [1] "blank"
INFO [2021-02-21 20:26:30] 
INFO [2021-02-21 20:26:30] $fill
INFO [2021-02-21 20:26:30] c("lightblue", "yellow")
INFO [2021-02-21 20:26:30] 
INFO [2021-02-21 20:26:30] $cex
INFO [2021-02-21 20:26:30] [1] 0.6
INFO [2021-02-21 20:26:30] 
INFO [2021-02-21 20:26:30] $fontface
INFO [2021-02-21 20:26:30] [1] "bold"
INFO [2021-02-21 20:26:30] 
INFO [2021-02-21 20:26:30] $fontfamily
INFO [2021-02-21 20:26:30] [1] "sans"
INFO [2021-02-21 20:26:30] 
INFO [2021-02-21 20:26:30] $cat.cex
INFO [2021-02-21 20:26:30] [1] 0.6
INFO [2021-02-21 20:26:30] 
INFO [2021-02-21 20:26:30] $cat.fontface
INFO [2021-02-21 20:26:30] [1] "bold"
INFO [2021-02-21 20:26:30] 
INFO [2021-02-21 20:26:30] $cat.default.pos
INFO [2021-02-21 20:26:30] [1] "outer"
INFO [2021-02-21 20:26:30] 
INFO [2021-02-21 20:26:30] $cat.pos
INFO [2021-02-21 20:26:30] c(-12, 12)
INFO [2021-02-21 20:26:30] 
INFO [2021-02-21 20:26:30] $cat.dist
INFO [2021-02-21 20:26:30] c(0.055, 0.055)
INFO [2021-02-21 20:26:30] 
INFO [2021-02-21 20:26:30] $cat.fontfamily
INFO [2021-02-21 20:26:30] [1] "sans"
INFO [2021-02-21 20:26:30] 
