INFO [2021-02-20 20:09:06] $x
INFO [2021-02-20 20:09:06] list(setO, setN)
INFO [2021-02-20 20:09:06] 
INFO [2021-02-20 20:09:06] $category.names
INFO [2021-02-20 20:09:06] c("Metab Old", "Metab New ")
INFO [2021-02-20 20:09:06] 
INFO [2021-02-20 20:09:06] $filename
INFO [2021-02-20 20:09:06] paste0(pathN, "#downregulated.png")
INFO [2021-02-20 20:09:06] 
INFO [2021-02-20 20:09:06] $output
INFO [2021-02-20 20:09:06] [1] TRUE
INFO [2021-02-20 20:09:06] 
INFO [2021-02-20 20:09:06] $imagetype
INFO [2021-02-20 20:09:06] [1] "png"
INFO [2021-02-20 20:09:06] 
INFO [2021-02-20 20:09:06] $height
INFO [2021-02-20 20:09:06] [1] 480
INFO [2021-02-20 20:09:06] 
INFO [2021-02-20 20:09:06] $width
INFO [2021-02-20 20:09:06] [1] 480
INFO [2021-02-20 20:09:06] 
INFO [2021-02-20 20:09:06] $resolution
INFO [2021-02-20 20:09:06] [1] 300
INFO [2021-02-20 20:09:06] 
INFO [2021-02-20 20:09:06] $compression
INFO [2021-02-20 20:09:06] [1] "lzw"
INFO [2021-02-20 20:09:06] 
INFO [2021-02-20 20:09:06] $lwd
INFO [2021-02-20 20:09:06] [1] 2
INFO [2021-02-20 20:09:06] 
INFO [2021-02-20 20:09:06] $lty
INFO [2021-02-20 20:09:06] [1] "blank"
INFO [2021-02-20 20:09:06] 
INFO [2021-02-20 20:09:06] $fill
INFO [2021-02-20 20:09:06] c("lightblue", "yellow")
INFO [2021-02-20 20:09:06] 
INFO [2021-02-20 20:09:06] $cex
INFO [2021-02-20 20:09:06] [1] 0.6
INFO [2021-02-20 20:09:06] 
INFO [2021-02-20 20:09:06] $fontface
INFO [2021-02-20 20:09:06] [1] "bold"
INFO [2021-02-20 20:09:06] 
INFO [2021-02-20 20:09:06] $fontfamily
INFO [2021-02-20 20:09:06] [1] "sans"
INFO [2021-02-20 20:09:06] 
INFO [2021-02-20 20:09:06] $cat.cex
INFO [2021-02-20 20:09:06] [1] 0.6
INFO [2021-02-20 20:09:06] 
INFO [2021-02-20 20:09:06] $cat.fontface
INFO [2021-02-20 20:09:06] [1] "bold"
INFO [2021-02-20 20:09:06] 
INFO [2021-02-20 20:09:06] $cat.default.pos
INFO [2021-02-20 20:09:06] [1] "outer"
INFO [2021-02-20 20:09:06] 
INFO [2021-02-20 20:09:06] $cat.pos
INFO [2021-02-20 20:09:06] c(-12, 12)
INFO [2021-02-20 20:09:06] 
INFO [2021-02-20 20:09:06] $cat.dist
INFO [2021-02-20 20:09:06] c(0.055, 0.055)
INFO [2021-02-20 20:09:06] 
INFO [2021-02-20 20:09:06] $cat.fontfamily
INFO [2021-02-20 20:09:06] [1] "sans"
INFO [2021-02-20 20:09:06] 
