INFO [2021-02-21 20:23:32] $x
INFO [2021-02-21 20:23:32] list(setO, setN)
INFO [2021-02-21 20:23:32] 
INFO [2021-02-21 20:23:32] $category.names
INFO [2021-02-21 20:23:32] c("Metab Old", "Metab New ")
INFO [2021-02-21 20:23:32] 
INFO [2021-02-21 20:23:32] $filename
INFO [2021-02-21 20:23:32] paste0(pathN, "#upregulated.png")
INFO [2021-02-21 20:23:32] 
INFO [2021-02-21 20:23:32] $output
INFO [2021-02-21 20:23:32] [1] TRUE
INFO [2021-02-21 20:23:32] 
INFO [2021-02-21 20:23:32] $imagetype
INFO [2021-02-21 20:23:32] [1] "png"
INFO [2021-02-21 20:23:32] 
INFO [2021-02-21 20:23:32] $height
INFO [2021-02-21 20:23:32] [1] 480
INFO [2021-02-21 20:23:32] 
INFO [2021-02-21 20:23:32] $width
INFO [2021-02-21 20:23:32] [1] 480
INFO [2021-02-21 20:23:32] 
INFO [2021-02-21 20:23:32] $resolution
INFO [2021-02-21 20:23:32] [1] 300
INFO [2021-02-21 20:23:32] 
INFO [2021-02-21 20:23:32] $compression
INFO [2021-02-21 20:23:32] [1] "lzw"
INFO [2021-02-21 20:23:32] 
INFO [2021-02-21 20:23:32] $lwd
INFO [2021-02-21 20:23:32] [1] 2
INFO [2021-02-21 20:23:32] 
INFO [2021-02-21 20:23:32] $lty
INFO [2021-02-21 20:23:32] [1] "blank"
INFO [2021-02-21 20:23:32] 
INFO [2021-02-21 20:23:32] $fill
INFO [2021-02-21 20:23:32] c("lightblue", "yellow")
INFO [2021-02-21 20:23:32] 
INFO [2021-02-21 20:23:32] $cex
INFO [2021-02-21 20:23:32] [1] 0.6
INFO [2021-02-21 20:23:32] 
INFO [2021-02-21 20:23:32] $fontface
INFO [2021-02-21 20:23:32] [1] "bold"
INFO [2021-02-21 20:23:32] 
INFO [2021-02-21 20:23:32] $fontfamily
INFO [2021-02-21 20:23:32] [1] "sans"
INFO [2021-02-21 20:23:32] 
INFO [2021-02-21 20:23:32] $cat.cex
INFO [2021-02-21 20:23:32] [1] 0.6
INFO [2021-02-21 20:23:32] 
INFO [2021-02-21 20:23:32] $cat.fontface
INFO [2021-02-21 20:23:32] [1] "bold"
INFO [2021-02-21 20:23:32] 
INFO [2021-02-21 20:23:32] $cat.default.pos
INFO [2021-02-21 20:23:32] [1] "outer"
INFO [2021-02-21 20:23:32] 
INFO [2021-02-21 20:23:32] $cat.pos
INFO [2021-02-21 20:23:32] c(-12, 12)
INFO [2021-02-21 20:23:32] 
INFO [2021-02-21 20:23:32] $cat.dist
INFO [2021-02-21 20:23:32] c(0.055, 0.055)
INFO [2021-02-21 20:23:32] 
INFO [2021-02-21 20:23:32] $cat.fontfamily
INFO [2021-02-21 20:23:32] [1] "sans"
INFO [2021-02-21 20:23:32] 
