INFO [2021-02-20 19:51:35] $x
INFO [2021-02-20 19:51:35] list(setO, setN)
INFO [2021-02-20 19:51:35] 
INFO [2021-02-20 19:51:35] $category.names
INFO [2021-02-20 19:51:35] c("Metab Old", "Metab New ")
INFO [2021-02-20 19:51:35] 
INFO [2021-02-20 19:51:35] $filename
INFO [2021-02-20 19:51:35] paste0(pathN, "#upregulated.png")
INFO [2021-02-20 19:51:35] 
INFO [2021-02-20 19:51:35] $output
INFO [2021-02-20 19:51:35] [1] TRUE
INFO [2021-02-20 19:51:35] 
INFO [2021-02-20 19:51:35] $imagetype
INFO [2021-02-20 19:51:35] [1] "png"
INFO [2021-02-20 19:51:35] 
INFO [2021-02-20 19:51:35] $height
INFO [2021-02-20 19:51:35] [1] 480
INFO [2021-02-20 19:51:35] 
INFO [2021-02-20 19:51:35] $width
INFO [2021-02-20 19:51:35] [1] 480
INFO [2021-02-20 19:51:35] 
INFO [2021-02-20 19:51:35] $resolution
INFO [2021-02-20 19:51:35] [1] 300
INFO [2021-02-20 19:51:35] 
INFO [2021-02-20 19:51:35] $compression
INFO [2021-02-20 19:51:35] [1] "lzw"
INFO [2021-02-20 19:51:35] 
INFO [2021-02-20 19:51:35] $lwd
INFO [2021-02-20 19:51:35] [1] 2
INFO [2021-02-20 19:51:35] 
INFO [2021-02-20 19:51:35] $lty
INFO [2021-02-20 19:51:35] [1] "blank"
INFO [2021-02-20 19:51:35] 
INFO [2021-02-20 19:51:35] $fill
INFO [2021-02-20 19:51:35] c("lightblue", "yellow")
INFO [2021-02-20 19:51:35] 
INFO [2021-02-20 19:51:35] $cex
INFO [2021-02-20 19:51:35] [1] 0.6
INFO [2021-02-20 19:51:35] 
INFO [2021-02-20 19:51:35] $fontface
INFO [2021-02-20 19:51:35] [1] "bold"
INFO [2021-02-20 19:51:35] 
INFO [2021-02-20 19:51:35] $fontfamily
INFO [2021-02-20 19:51:35] [1] "sans"
INFO [2021-02-20 19:51:35] 
INFO [2021-02-20 19:51:35] $cat.cex
INFO [2021-02-20 19:51:35] [1] 0.6
INFO [2021-02-20 19:51:35] 
INFO [2021-02-20 19:51:35] $cat.fontface
INFO [2021-02-20 19:51:35] [1] "bold"
INFO [2021-02-20 19:51:35] 
INFO [2021-02-20 19:51:35] $cat.default.pos
INFO [2021-02-20 19:51:35] [1] "outer"
INFO [2021-02-20 19:51:35] 
INFO [2021-02-20 19:51:35] $cat.pos
INFO [2021-02-20 19:51:35] c(-17, 17)
INFO [2021-02-20 19:51:35] 
INFO [2021-02-20 19:51:35] $cat.dist
INFO [2021-02-20 19:51:35] c(0.055, 0.055)
INFO [2021-02-20 19:51:35] 
INFO [2021-02-20 19:51:35] $cat.fontfamily
INFO [2021-02-20 19:51:35] [1] "sans"
INFO [2021-02-20 19:51:35] 
