INFO [2021-02-20 19:49:48] $x
INFO [2021-02-20 19:49:48] list(setO, setN)
INFO [2021-02-20 19:49:48] 
INFO [2021-02-20 19:49:48] $category.names
INFO [2021-02-20 19:49:48] c("Metab Old", "Metab New ")
INFO [2021-02-20 19:49:48] 
INFO [2021-02-20 19:49:48] $filename
INFO [2021-02-20 19:49:48] paste0(pathN, "#upregulated.png")
INFO [2021-02-20 19:49:48] 
INFO [2021-02-20 19:49:48] $output
INFO [2021-02-20 19:49:48] [1] TRUE
INFO [2021-02-20 19:49:48] 
INFO [2021-02-20 19:49:48] $imagetype
INFO [2021-02-20 19:49:48] [1] "png"
INFO [2021-02-20 19:49:48] 
INFO [2021-02-20 19:49:48] $height
INFO [2021-02-20 19:49:48] [1] 480
INFO [2021-02-20 19:49:48] 
INFO [2021-02-20 19:49:48] $width
INFO [2021-02-20 19:49:48] [1] 480
INFO [2021-02-20 19:49:48] 
INFO [2021-02-20 19:49:48] $resolution
INFO [2021-02-20 19:49:48] [1] 300
INFO [2021-02-20 19:49:48] 
INFO [2021-02-20 19:49:48] $compression
INFO [2021-02-20 19:49:48] [1] "lzw"
INFO [2021-02-20 19:49:48] 
INFO [2021-02-20 19:49:48] $lwd
INFO [2021-02-20 19:49:48] [1] 2
INFO [2021-02-20 19:49:48] 
INFO [2021-02-20 19:49:48] $lty
INFO [2021-02-20 19:49:48] [1] "blank"
INFO [2021-02-20 19:49:48] 
INFO [2021-02-20 19:49:48] $fill
INFO [2021-02-20 19:49:48] c("lightblue", "yellow")
INFO [2021-02-20 19:49:48] 
INFO [2021-02-20 19:49:48] $cex
INFO [2021-02-20 19:49:48] [1] 0.6
INFO [2021-02-20 19:49:48] 
INFO [2021-02-20 19:49:48] $fontface
INFO [2021-02-20 19:49:48] [1] "bold"
INFO [2021-02-20 19:49:48] 
INFO [2021-02-20 19:49:48] $fontfamily
INFO [2021-02-20 19:49:48] [1] "sans"
INFO [2021-02-20 19:49:48] 
INFO [2021-02-20 19:49:48] $cat.cex
INFO [2021-02-20 19:49:48] [1] 0.6
INFO [2021-02-20 19:49:48] 
INFO [2021-02-20 19:49:48] $cat.fontface
INFO [2021-02-20 19:49:48] [1] "bold"
INFO [2021-02-20 19:49:48] 
INFO [2021-02-20 19:49:48] $cat.default.pos
INFO [2021-02-20 19:49:48] [1] "outer"
INFO [2021-02-20 19:49:48] 
INFO [2021-02-20 19:49:48] $cat.pos
INFO [2021-02-20 19:49:48] c(-27, 27)
INFO [2021-02-20 19:49:48] 
INFO [2021-02-20 19:49:48] $cat.dist
INFO [2021-02-20 19:49:48] c(0.055, 0.055)
INFO [2021-02-20 19:49:48] 
INFO [2021-02-20 19:49:48] $cat.fontfamily
INFO [2021-02-20 19:49:48] [1] "sans"
INFO [2021-02-20 19:49:48] 
