INFO [2021-02-20 19:52:17] $x
INFO [2021-02-20 19:52:17] list(setO, setN)
INFO [2021-02-20 19:52:17] 
INFO [2021-02-20 19:52:17] $category.names
INFO [2021-02-20 19:52:17] c("Metab Old", "Metab New ")
INFO [2021-02-20 19:52:17] 
INFO [2021-02-20 19:52:17] $filename
INFO [2021-02-20 19:52:17] paste0(pathN, "#upregulated.png")
INFO [2021-02-20 19:52:17] 
INFO [2021-02-20 19:52:17] $output
INFO [2021-02-20 19:52:17] [1] TRUE
INFO [2021-02-20 19:52:17] 
INFO [2021-02-20 19:52:17] $imagetype
INFO [2021-02-20 19:52:17] [1] "png"
INFO [2021-02-20 19:52:17] 
INFO [2021-02-20 19:52:17] $height
INFO [2021-02-20 19:52:17] [1] 480
INFO [2021-02-20 19:52:17] 
INFO [2021-02-20 19:52:17] $width
INFO [2021-02-20 19:52:17] [1] 480
INFO [2021-02-20 19:52:17] 
INFO [2021-02-20 19:52:17] $resolution
INFO [2021-02-20 19:52:17] [1] 300
INFO [2021-02-20 19:52:17] 
INFO [2021-02-20 19:52:17] $compression
INFO [2021-02-20 19:52:17] [1] "lzw"
INFO [2021-02-20 19:52:17] 
INFO [2021-02-20 19:52:17] $lwd
INFO [2021-02-20 19:52:17] [1] 2
INFO [2021-02-20 19:52:17] 
INFO [2021-02-20 19:52:17] $lty
INFO [2021-02-20 19:52:17] [1] "blank"
INFO [2021-02-20 19:52:17] 
INFO [2021-02-20 19:52:17] $fill
INFO [2021-02-20 19:52:17] c("lightblue", "yellow")
INFO [2021-02-20 19:52:17] 
INFO [2021-02-20 19:52:17] $cex
INFO [2021-02-20 19:52:17] [1] 0.6
INFO [2021-02-20 19:52:17] 
INFO [2021-02-20 19:52:17] $fontface
INFO [2021-02-20 19:52:17] [1] "bold"
INFO [2021-02-20 19:52:17] 
INFO [2021-02-20 19:52:17] $fontfamily
INFO [2021-02-20 19:52:17] [1] "sans"
INFO [2021-02-20 19:52:17] 
INFO [2021-02-20 19:52:17] $cat.cex
INFO [2021-02-20 19:52:17] [1] 0.6
INFO [2021-02-20 19:52:17] 
INFO [2021-02-20 19:52:17] $cat.fontface
INFO [2021-02-20 19:52:17] [1] "bold"
INFO [2021-02-20 19:52:17] 
INFO [2021-02-20 19:52:17] $cat.default.pos
INFO [2021-02-20 19:52:17] [1] "outer"
INFO [2021-02-20 19:52:17] 
INFO [2021-02-20 19:52:17] $cat.pos
INFO [2021-02-20 19:52:17] c(-12, 12)
INFO [2021-02-20 19:52:17] 
INFO [2021-02-20 19:52:17] $cat.dist
INFO [2021-02-20 19:52:17] c(0.055, 0.055)
INFO [2021-02-20 19:52:17] 
INFO [2021-02-20 19:52:17] $cat.fontfamily
INFO [2021-02-20 19:52:17] [1] "sans"
INFO [2021-02-20 19:52:17] 
