INFO [2021-02-14 19:35:12] $x
INFO [2021-02-14 19:35:12] list(setO, setN)
INFO [2021-02-14 19:35:12] 
INFO [2021-02-14 19:35:12] $category.names
INFO [2021-02-14 19:35:12] c("Metab Old", "Metab New ")
INFO [2021-02-14 19:35:12] 
INFO [2021-02-14 19:35:12] $filename
INFO [2021-02-14 19:35:12] [1] "#14_venn_diagramm.png"
INFO [2021-02-14 19:35:12] 
INFO [2021-02-14 19:35:12] $output
INFO [2021-02-14 19:35:12] [1] TRUE
INFO [2021-02-14 19:35:12] 
INFO [2021-02-14 19:35:12] $imagetype
INFO [2021-02-14 19:35:12] [1] "png"
INFO [2021-02-14 19:35:12] 
INFO [2021-02-14 19:35:12] $height
INFO [2021-02-14 19:35:12] [1] 480
INFO [2021-02-14 19:35:12] 
INFO [2021-02-14 19:35:12] $width
INFO [2021-02-14 19:35:12] [1] 480
INFO [2021-02-14 19:35:12] 
INFO [2021-02-14 19:35:12] $resolution
INFO [2021-02-14 19:35:12] [1] 300
INFO [2021-02-14 19:35:12] 
INFO [2021-02-14 19:35:12] $compression
INFO [2021-02-14 19:35:12] [1] "lzw"
INFO [2021-02-14 19:35:12] 
INFO [2021-02-14 19:35:12] $lwd
INFO [2021-02-14 19:35:12] [1] 2
INFO [2021-02-14 19:35:12] 
INFO [2021-02-14 19:35:12] $lty
INFO [2021-02-14 19:35:12] [1] "blank"
INFO [2021-02-14 19:35:12] 
INFO [2021-02-14 19:35:12] $fill
INFO [2021-02-14 19:35:12] myCol
INFO [2021-02-14 19:35:12] 
INFO [2021-02-14 19:35:12] $cex
INFO [2021-02-14 19:35:12] [1] 0.6
INFO [2021-02-14 19:35:12] 
INFO [2021-02-14 19:35:12] $fontface
INFO [2021-02-14 19:35:12] [1] "bold"
INFO [2021-02-14 19:35:12] 
INFO [2021-02-14 19:35:12] $fontfamily
INFO [2021-02-14 19:35:12] [1] "sans"
INFO [2021-02-14 19:35:12] 
INFO [2021-02-14 19:35:12] $cat.cex
INFO [2021-02-14 19:35:12] [1] 0.6
INFO [2021-02-14 19:35:12] 
INFO [2021-02-14 19:35:12] $cat.fontface
INFO [2021-02-14 19:35:12] [1] "bold"
INFO [2021-02-14 19:35:12] 
INFO [2021-02-14 19:35:12] $cat.default.pos
INFO [2021-02-14 19:35:12] [1] "outer"
INFO [2021-02-14 19:35:12] 
INFO [2021-02-14 19:35:12] $cat.pos
INFO [2021-02-14 19:35:12] c(-27, 27, 135)
INFO [2021-02-14 19:35:12] 
INFO [2021-02-14 19:35:12] $cat.dist
INFO [2021-02-14 19:35:12] c(0.055, 0.055, 0.085)
INFO [2021-02-14 19:35:12] 
INFO [2021-02-14 19:35:12] $cat.fontfamily
INFO [2021-02-14 19:35:12] [1] "sans"
INFO [2021-02-14 19:35:12] 
INFO [2021-02-14 19:35:12] $rotation
INFO [2021-02-14 19:35:12] [1] 1
INFO [2021-02-14 19:35:12] 
