INFO [2021-02-14 19:37:33] $x
INFO [2021-02-14 19:37:33] list(setO, setN)
INFO [2021-02-14 19:37:33] 
INFO [2021-02-14 19:37:33] $category.names
INFO [2021-02-14 19:37:33] c("Metab Old", "Metab New ")
INFO [2021-02-14 19:37:33] 
INFO [2021-02-14 19:37:33] $filename
INFO [2021-02-14 19:37:33] [1] "#14_venn_diagramm.png"
INFO [2021-02-14 19:37:33] 
INFO [2021-02-14 19:37:33] $output
INFO [2021-02-14 19:37:33] [1] TRUE
INFO [2021-02-14 19:37:33] 
INFO [2021-02-14 19:37:33] $imagetype
INFO [2021-02-14 19:37:33] [1] "png"
INFO [2021-02-14 19:37:33] 
INFO [2021-02-14 19:37:33] $height
INFO [2021-02-14 19:37:33] [1] 480
INFO [2021-02-14 19:37:33] 
INFO [2021-02-14 19:37:33] $width
INFO [2021-02-14 19:37:33] [1] 480
INFO [2021-02-14 19:37:33] 
INFO [2021-02-14 19:37:33] $resolution
INFO [2021-02-14 19:37:33] [1] 300
INFO [2021-02-14 19:37:33] 
INFO [2021-02-14 19:37:33] $compression
INFO [2021-02-14 19:37:33] [1] "lzw"
INFO [2021-02-14 19:37:33] 
INFO [2021-02-14 19:37:33] $lwd
INFO [2021-02-14 19:37:33] [1] 2
INFO [2021-02-14 19:37:33] 
INFO [2021-02-14 19:37:33] $lty
INFO [2021-02-14 19:37:33] [1] "blank"
INFO [2021-02-14 19:37:33] 
INFO [2021-02-14 19:37:33] $fill
INFO [2021-02-14 19:37:33] myCol
INFO [2021-02-14 19:37:33] 
