INFO [2021-02-14 19:37:12] $x
INFO [2021-02-14 19:37:12] list(setO, setN)
INFO [2021-02-14 19:37:12] 
INFO [2021-02-14 19:37:12] $category.names
INFO [2021-02-14 19:37:12] c("Metab Old", "Metab New ")
INFO [2021-02-14 19:37:12] 
INFO [2021-02-14 19:37:12] $filename
INFO [2021-02-14 19:37:12] [1] "#14_venn_diagramm.png"
INFO [2021-02-14 19:37:12] 
INFO [2021-02-14 19:37:12] $output
INFO [2021-02-14 19:37:12] [1] TRUE
INFO [2021-02-14 19:37:12] 
INFO [2021-02-14 19:37:12] $imagetype
INFO [2021-02-14 19:37:12] [1] "png"
INFO [2021-02-14 19:37:12] 
INFO [2021-02-14 19:37:12] $height
INFO [2021-02-14 19:37:12] [1] 480
INFO [2021-02-14 19:37:12] 
INFO [2021-02-14 19:37:12] $width
INFO [2021-02-14 19:37:12] [1] 480
INFO [2021-02-14 19:37:12] 
INFO [2021-02-14 19:37:12] $resolution
INFO [2021-02-14 19:37:12] [1] 300
INFO [2021-02-14 19:37:12] 
INFO [2021-02-14 19:37:12] $compression
INFO [2021-02-14 19:37:12] [1] "lzw"
INFO [2021-02-14 19:37:12] 
