INFO [2021-02-14 19:40:03] $x
INFO [2021-02-14 19:40:03] list(setO, setN)
INFO [2021-02-14 19:40:03] 
INFO [2021-02-14 19:40:03] $category.names
INFO [2021-02-14 19:40:03] c("Metab Old", "Metab New ")
INFO [2021-02-14 19:40:03] 
INFO [2021-02-14 19:40:03] $filename
INFO [2021-02-14 19:40:03] [1] "#14_venn_diagramm.png"
INFO [2021-02-14 19:40:03] 
INFO [2021-02-14 19:40:03] $output
INFO [2021-02-14 19:40:03] [1] TRUE
INFO [2021-02-14 19:40:03] 
INFO [2021-02-14 19:40:03] $imagetype
INFO [2021-02-14 19:40:03] [1] "png"
INFO [2021-02-14 19:40:03] 
INFO [2021-02-14 19:40:03] $height
INFO [2021-02-14 19:40:03] [1] 480
INFO [2021-02-14 19:40:03] 
INFO [2021-02-14 19:40:03] $width
INFO [2021-02-14 19:40:03] [1] 480
INFO [2021-02-14 19:40:03] 
INFO [2021-02-14 19:40:03] $resolution
INFO [2021-02-14 19:40:03] [1] 300
INFO [2021-02-14 19:40:03] 
INFO [2021-02-14 19:40:03] $compression
INFO [2021-02-14 19:40:03] [1] "lzw"
INFO [2021-02-14 19:40:03] 
INFO [2021-02-14 19:40:03] $lwd
INFO [2021-02-14 19:40:03] [1] 2
INFO [2021-02-14 19:40:03] 
INFO [2021-02-14 19:40:03] $lty
INFO [2021-02-14 19:40:03] [1] "blank"
INFO [2021-02-14 19:40:03] 
INFO [2021-02-14 19:40:03] $fill
INFO [2021-02-14 19:40:03] myCol
INFO [2021-02-14 19:40:03] 
INFO [2021-02-14 19:40:03] $cex
INFO [2021-02-14 19:40:03] [1] 0.6
INFO [2021-02-14 19:40:03] 
INFO [2021-02-14 19:40:03] $fontface
INFO [2021-02-14 19:40:03] [1] "bold"
INFO [2021-02-14 19:40:03] 
INFO [2021-02-14 19:40:03] $fontfamily
INFO [2021-02-14 19:40:03] [1] "sans"
INFO [2021-02-14 19:40:03] 
