INFO [2021-03-16 05:20:11] $x
INFO [2021-03-16 05:20:11] list(setT, setP)
INFO [2021-03-16 05:20:11] 
INFO [2021-03-16 05:20:11] $category.names
INFO [2021-03-16 05:20:11] c("Transcriptome", "Proteome")
INFO [2021-03-16 05:20:11] 
INFO [2021-03-16 05:20:11] $filename
INFO [2021-03-16 05:20:11] paste0(pathN, "#", dfname2, ".png")
INFO [2021-03-16 05:20:11] 
INFO [2021-03-16 05:20:11] $output
INFO [2021-03-16 05:20:11] [1] TRUE
INFO [2021-03-16 05:20:11] 
INFO [2021-03-16 05:20:11] $imagetype
INFO [2021-03-16 05:20:11] [1] "png"
INFO [2021-03-16 05:20:11] 
INFO [2021-03-16 05:20:11] $height
INFO [2021-03-16 05:20:11] [1] 480
INFO [2021-03-16 05:20:11] 
INFO [2021-03-16 05:20:11] $width
INFO [2021-03-16 05:20:11] [1] 480
INFO [2021-03-16 05:20:11] 
INFO [2021-03-16 05:20:11] $resolution
INFO [2021-03-16 05:20:11] [1] 300
INFO [2021-03-16 05:20:11] 
INFO [2021-03-16 05:20:11] $compression
INFO [2021-03-16 05:20:11] [1] "lzw"
INFO [2021-03-16 05:20:11] 
INFO [2021-03-16 05:20:11] $lwd
INFO [2021-03-16 05:20:11] [1] 2
INFO [2021-03-16 05:20:11] 
INFO [2021-03-16 05:20:11] $lty
INFO [2021-03-16 05:20:11] [1] "blank"
INFO [2021-03-16 05:20:11] 
INFO [2021-03-16 05:20:11] $fill
INFO [2021-03-16 05:20:11] c("lightblue", "yellow")
INFO [2021-03-16 05:20:11] 
INFO [2021-03-16 05:20:11] $cex
INFO [2021-03-16 05:20:11] [1] 0.6
INFO [2021-03-16 05:20:11] 
INFO [2021-03-16 05:20:11] $fontface
INFO [2021-03-16 05:20:11] [1] "bold"
INFO [2021-03-16 05:20:11] 
INFO [2021-03-16 05:20:11] $fontfamily
INFO [2021-03-16 05:20:11] [1] "sans"
INFO [2021-03-16 05:20:11] 
INFO [2021-03-16 05:20:11] $cat.cex
INFO [2021-03-16 05:20:11] [1] 0.6
INFO [2021-03-16 05:20:11] 
INFO [2021-03-16 05:20:11] $cat.fontface
INFO [2021-03-16 05:20:11] [1] "bold"
INFO [2021-03-16 05:20:11] 
INFO [2021-03-16 05:20:11] $cat.default.pos
INFO [2021-03-16 05:20:11] [1] "outer"
INFO [2021-03-16 05:20:11] 
INFO [2021-03-16 05:20:11] $cat.pos
INFO [2021-03-16 05:20:11] c(-12, 12)
INFO [2021-03-16 05:20:11] 
INFO [2021-03-16 05:20:11] $cat.dist
INFO [2021-03-16 05:20:11] c(0.055, 0.055)
INFO [2021-03-16 05:20:11] 
INFO [2021-03-16 05:20:11] $cat.fontfamily
INFO [2021-03-16 05:20:11] [1] "sans"
INFO [2021-03-16 05:20:11] 
