INFO [2021-03-16 05:20:56] $x
INFO [2021-03-16 05:20:56] list(setT, setP)
INFO [2021-03-16 05:20:56] 
INFO [2021-03-16 05:20:56] $category.names
INFO [2021-03-16 05:20:56] c("Transcriptome", "Proteome")
INFO [2021-03-16 05:20:56] 
INFO [2021-03-16 05:20:56] $filename
INFO [2021-03-16 05:20:56] paste0(pathN, "#", dfname2, ".png")
INFO [2021-03-16 05:20:56] 
INFO [2021-03-16 05:20:56] $output
INFO [2021-03-16 05:20:56] [1] TRUE
INFO [2021-03-16 05:20:56] 
INFO [2021-03-16 05:20:56] $imagetype
INFO [2021-03-16 05:20:56] [1] "png"
INFO [2021-03-16 05:20:56] 
INFO [2021-03-16 05:20:56] $height
INFO [2021-03-16 05:20:56] [1] 480
INFO [2021-03-16 05:20:56] 
INFO [2021-03-16 05:20:56] $width
INFO [2021-03-16 05:20:56] [1] 480
INFO [2021-03-16 05:20:56] 
INFO [2021-03-16 05:20:56] $resolution
INFO [2021-03-16 05:20:56] [1] 300
INFO [2021-03-16 05:20:56] 
INFO [2021-03-16 05:20:56] $compression
INFO [2021-03-16 05:20:56] [1] "lzw"
INFO [2021-03-16 05:20:56] 
INFO [2021-03-16 05:20:56] $lwd
INFO [2021-03-16 05:20:56] [1] 2
INFO [2021-03-16 05:20:56] 
INFO [2021-03-16 05:20:56] $lty
INFO [2021-03-16 05:20:56] [1] "blank"
INFO [2021-03-16 05:20:56] 
INFO [2021-03-16 05:20:56] $fill
INFO [2021-03-16 05:20:56] c("lightblue", "yellow")
INFO [2021-03-16 05:20:56] 
INFO [2021-03-16 05:20:56] $cex
INFO [2021-03-16 05:20:56] [1] 0.6
INFO [2021-03-16 05:20:56] 
INFO [2021-03-16 05:20:56] $fontface
INFO [2021-03-16 05:20:56] [1] "bold"
INFO [2021-03-16 05:20:56] 
INFO [2021-03-16 05:20:56] $fontfamily
INFO [2021-03-16 05:20:56] [1] "sans"
INFO [2021-03-16 05:20:56] 
INFO [2021-03-16 05:20:56] $cat.cex
INFO [2021-03-16 05:20:56] [1] 0.6
INFO [2021-03-16 05:20:56] 
INFO [2021-03-16 05:20:56] $cat.fontface
INFO [2021-03-16 05:20:56] [1] "bold"
INFO [2021-03-16 05:20:56] 
INFO [2021-03-16 05:20:56] $cat.default.pos
INFO [2021-03-16 05:20:56] [1] "outer"
INFO [2021-03-16 05:20:56] 
INFO [2021-03-16 05:20:56] $cat.pos
INFO [2021-03-16 05:20:56] c(-12, 12)
INFO [2021-03-16 05:20:56] 
INFO [2021-03-16 05:20:56] $cat.dist
INFO [2021-03-16 05:20:56] c(0.055, 0.055)
INFO [2021-03-16 05:20:56] 
INFO [2021-03-16 05:20:56] $cat.fontfamily
INFO [2021-03-16 05:20:56] [1] "sans"
INFO [2021-03-16 05:20:56] 
