INFO [2021-03-16 05:12:46] $x
INFO [2021-03-16 05:12:46] list(setT, setP)
INFO [2021-03-16 05:12:46] 
INFO [2021-03-16 05:12:46] $category.names
INFO [2021-03-16 05:12:46] c("Transcriptome", "Proteome")
INFO [2021-03-16 05:12:46] 
INFO [2021-03-16 05:12:46] $filename
INFO [2021-03-16 05:12:46] paste0(pathN, "#", dfname2, ".png")
INFO [2021-03-16 05:12:46] 
INFO [2021-03-16 05:12:46] $output
INFO [2021-03-16 05:12:46] [1] TRUE
INFO [2021-03-16 05:12:46] 
INFO [2021-03-16 05:12:46] $imagetype
INFO [2021-03-16 05:12:46] [1] "png"
INFO [2021-03-16 05:12:46] 
INFO [2021-03-16 05:12:46] $height
INFO [2021-03-16 05:12:46] [1] 480
INFO [2021-03-16 05:12:46] 
INFO [2021-03-16 05:12:46] $width
INFO [2021-03-16 05:12:46] [1] 480
INFO [2021-03-16 05:12:46] 
INFO [2021-03-16 05:12:46] $resolution
INFO [2021-03-16 05:12:46] [1] 300
INFO [2021-03-16 05:12:46] 
INFO [2021-03-16 05:12:46] $compression
INFO [2021-03-16 05:12:46] [1] "lzw"
INFO [2021-03-16 05:12:46] 
INFO [2021-03-16 05:12:46] $lwd
INFO [2021-03-16 05:12:46] [1] 2
INFO [2021-03-16 05:12:46] 
INFO [2021-03-16 05:12:46] $lty
INFO [2021-03-16 05:12:46] [1] "blank"
INFO [2021-03-16 05:12:46] 
INFO [2021-03-16 05:12:46] $fill
INFO [2021-03-16 05:12:46] c("lightblue", "yellow")
INFO [2021-03-16 05:12:46] 
INFO [2021-03-16 05:12:46] $cex
INFO [2021-03-16 05:12:46] [1] 0.6
INFO [2021-03-16 05:12:46] 
INFO [2021-03-16 05:12:46] $fontface
INFO [2021-03-16 05:12:46] [1] "bold"
INFO [2021-03-16 05:12:46] 
INFO [2021-03-16 05:12:46] $fontfamily
INFO [2021-03-16 05:12:46] [1] "sans"
INFO [2021-03-16 05:12:46] 
INFO [2021-03-16 05:12:46] $cat.cex
INFO [2021-03-16 05:12:46] [1] 0.6
INFO [2021-03-16 05:12:46] 
INFO [2021-03-16 05:12:46] $cat.fontface
INFO [2021-03-16 05:12:46] [1] "bold"
INFO [2021-03-16 05:12:46] 
INFO [2021-03-16 05:12:46] $cat.default.pos
INFO [2021-03-16 05:12:46] [1] "outer"
INFO [2021-03-16 05:12:46] 
INFO [2021-03-16 05:12:46] $cat.pos
INFO [2021-03-16 05:12:46] c(-12, 12)
INFO [2021-03-16 05:12:46] 
INFO [2021-03-16 05:12:46] $cat.dist
INFO [2021-03-16 05:12:46] c(0.055, 0.055)
INFO [2021-03-16 05:12:46] 
INFO [2021-03-16 05:12:46] $cat.fontfamily
INFO [2021-03-16 05:12:46] [1] "sans"
INFO [2021-03-16 05:12:46] 
