INFO [2021-03-16 05:20:52] $x
INFO [2021-03-16 05:20:52] list(setT, setP)
INFO [2021-03-16 05:20:52] 
INFO [2021-03-16 05:20:52] $category.names
INFO [2021-03-16 05:20:52] c("Transcriptome", "Proteome")
INFO [2021-03-16 05:20:52] 
INFO [2021-03-16 05:20:52] $filename
INFO [2021-03-16 05:20:52] paste0(pathN, "#", dfname2, ".png")
INFO [2021-03-16 05:20:52] 
INFO [2021-03-16 05:20:52] $output
INFO [2021-03-16 05:20:52] [1] TRUE
INFO [2021-03-16 05:20:52] 
INFO [2021-03-16 05:20:52] $imagetype
INFO [2021-03-16 05:20:52] [1] "png"
INFO [2021-03-16 05:20:52] 
INFO [2021-03-16 05:20:52] $height
INFO [2021-03-16 05:20:52] [1] 480
INFO [2021-03-16 05:20:52] 
INFO [2021-03-16 05:20:52] $width
INFO [2021-03-16 05:20:52] [1] 480
INFO [2021-03-16 05:20:52] 
INFO [2021-03-16 05:20:52] $resolution
INFO [2021-03-16 05:20:52] [1] 300
INFO [2021-03-16 05:20:52] 
INFO [2021-03-16 05:20:52] $compression
INFO [2021-03-16 05:20:52] [1] "lzw"
INFO [2021-03-16 05:20:52] 
INFO [2021-03-16 05:20:52] $lwd
INFO [2021-03-16 05:20:52] [1] 2
INFO [2021-03-16 05:20:52] 
INFO [2021-03-16 05:20:52] $lty
INFO [2021-03-16 05:20:52] [1] "blank"
INFO [2021-03-16 05:20:52] 
INFO [2021-03-16 05:20:52] $fill
INFO [2021-03-16 05:20:52] c("lightblue", "yellow")
INFO [2021-03-16 05:20:52] 
INFO [2021-03-16 05:20:52] $cex
INFO [2021-03-16 05:20:52] [1] 0.6
INFO [2021-03-16 05:20:52] 
INFO [2021-03-16 05:20:52] $fontface
INFO [2021-03-16 05:20:52] [1] "bold"
INFO [2021-03-16 05:20:52] 
INFO [2021-03-16 05:20:52] $fontfamily
INFO [2021-03-16 05:20:52] [1] "sans"
INFO [2021-03-16 05:20:52] 
INFO [2021-03-16 05:20:52] $cat.cex
INFO [2021-03-16 05:20:52] [1] 0.6
INFO [2021-03-16 05:20:52] 
INFO [2021-03-16 05:20:52] $cat.fontface
INFO [2021-03-16 05:20:52] [1] "bold"
INFO [2021-03-16 05:20:52] 
INFO [2021-03-16 05:20:52] $cat.default.pos
INFO [2021-03-16 05:20:52] [1] "outer"
INFO [2021-03-16 05:20:52] 
INFO [2021-03-16 05:20:52] $cat.pos
INFO [2021-03-16 05:20:52] c(-12, 12)
INFO [2021-03-16 05:20:52] 
INFO [2021-03-16 05:20:52] $cat.dist
INFO [2021-03-16 05:20:52] c(0.055, 0.055)
INFO [2021-03-16 05:20:52] 
INFO [2021-03-16 05:20:52] $cat.fontfamily
INFO [2021-03-16 05:20:52] [1] "sans"
INFO [2021-03-16 05:20:52] 
