INFO [2021-03-16 05:12:23] $x
INFO [2021-03-16 05:12:23] list(setT, setP)
INFO [2021-03-16 05:12:23] 
INFO [2021-03-16 05:12:23] $category.names
INFO [2021-03-16 05:12:23] c("Transcriptome", "Proteome")
INFO [2021-03-16 05:12:23] 
INFO [2021-03-16 05:12:23] $filename
INFO [2021-03-16 05:12:23] paste0(pathN, "#", dfname2, ".png")
INFO [2021-03-16 05:12:23] 
INFO [2021-03-16 05:12:23] $output
INFO [2021-03-16 05:12:23] [1] TRUE
INFO [2021-03-16 05:12:23] 
INFO [2021-03-16 05:12:23] $imagetype
INFO [2021-03-16 05:12:23] [1] "png"
INFO [2021-03-16 05:12:23] 
INFO [2021-03-16 05:12:23] $height
INFO [2021-03-16 05:12:23] [1] 480
INFO [2021-03-16 05:12:23] 
INFO [2021-03-16 05:12:23] $width
INFO [2021-03-16 05:12:23] [1] 480
INFO [2021-03-16 05:12:23] 
INFO [2021-03-16 05:12:23] $resolution
INFO [2021-03-16 05:12:23] [1] 300
INFO [2021-03-16 05:12:23] 
INFO [2021-03-16 05:12:23] $compression
INFO [2021-03-16 05:12:23] [1] "lzw"
INFO [2021-03-16 05:12:23] 
INFO [2021-03-16 05:12:23] $lwd
INFO [2021-03-16 05:12:23] [1] 2
INFO [2021-03-16 05:12:23] 
INFO [2021-03-16 05:12:23] $lty
INFO [2021-03-16 05:12:23] [1] "blank"
INFO [2021-03-16 05:12:23] 
INFO [2021-03-16 05:12:23] $fill
INFO [2021-03-16 05:12:23] c("lightblue", "yellow")
INFO [2021-03-16 05:12:23] 
INFO [2021-03-16 05:12:23] $cex
INFO [2021-03-16 05:12:23] [1] 0.6
INFO [2021-03-16 05:12:23] 
INFO [2021-03-16 05:12:23] $fontface
INFO [2021-03-16 05:12:23] [1] "bold"
INFO [2021-03-16 05:12:23] 
INFO [2021-03-16 05:12:23] $fontfamily
INFO [2021-03-16 05:12:23] [1] "sans"
INFO [2021-03-16 05:12:23] 
INFO [2021-03-16 05:12:23] $cat.cex
INFO [2021-03-16 05:12:23] [1] 0.6
INFO [2021-03-16 05:12:23] 
INFO [2021-03-16 05:12:23] $cat.fontface
INFO [2021-03-16 05:12:23] [1] "bold"
INFO [2021-03-16 05:12:23] 
INFO [2021-03-16 05:12:23] $cat.default.pos
INFO [2021-03-16 05:12:23] [1] "outer"
INFO [2021-03-16 05:12:23] 
INFO [2021-03-16 05:12:23] $cat.pos
INFO [2021-03-16 05:12:23] c(-12, 12)
INFO [2021-03-16 05:12:23] 
INFO [2021-03-16 05:12:23] $cat.dist
INFO [2021-03-16 05:12:23] c(0.055, 0.055)
INFO [2021-03-16 05:12:23] 
INFO [2021-03-16 05:12:23] $cat.fontfamily
INFO [2021-03-16 05:12:23] [1] "sans"
INFO [2021-03-16 05:12:23] 
