INFO [2021-03-16 01:55:07] $x
INFO [2021-03-16 01:55:07] list(setT, setP)
INFO [2021-03-16 01:55:07] 
INFO [2021-03-16 01:55:07] $category.names
INFO [2021-03-16 01:55:07] c("Transcriptome", "Proteome ")
INFO [2021-03-16 01:55:07] 
INFO [2021-03-16 01:55:07] $filename
INFO [2021-03-16 01:55:07] paste0(pathN, "#DStoCTR_UT_upreg.png")
INFO [2021-03-16 01:55:07] 
INFO [2021-03-16 01:55:07] $output
INFO [2021-03-16 01:55:07] [1] TRUE
INFO [2021-03-16 01:55:07] 
INFO [2021-03-16 01:55:07] $imagetype
INFO [2021-03-16 01:55:07] [1] "png"
INFO [2021-03-16 01:55:07] 
INFO [2021-03-16 01:55:07] $height
INFO [2021-03-16 01:55:07] [1] 480
INFO [2021-03-16 01:55:07] 
INFO [2021-03-16 01:55:07] $width
INFO [2021-03-16 01:55:07] [1] 480
INFO [2021-03-16 01:55:07] 
INFO [2021-03-16 01:55:07] $resolution
INFO [2021-03-16 01:55:07] [1] 300
INFO [2021-03-16 01:55:07] 
INFO [2021-03-16 01:55:07] $compression
INFO [2021-03-16 01:55:07] [1] "lzw"
INFO [2021-03-16 01:55:07] 
INFO [2021-03-16 01:55:07] $lwd
INFO [2021-03-16 01:55:07] [1] 2
INFO [2021-03-16 01:55:07] 
INFO [2021-03-16 01:55:07] $lty
INFO [2021-03-16 01:55:07] [1] "blank"
INFO [2021-03-16 01:55:07] 
INFO [2021-03-16 01:55:07] $fill
INFO [2021-03-16 01:55:07] c("lightblue", "yellow")
INFO [2021-03-16 01:55:07] 
INFO [2021-03-16 01:55:07] $cex
INFO [2021-03-16 01:55:07] [1] 0.6
INFO [2021-03-16 01:55:07] 
INFO [2021-03-16 01:55:07] $fontface
INFO [2021-03-16 01:55:07] [1] "bold"
INFO [2021-03-16 01:55:07] 
INFO [2021-03-16 01:55:07] $fontfamily
INFO [2021-03-16 01:55:07] [1] "sans"
INFO [2021-03-16 01:55:07] 
INFO [2021-03-16 01:55:07] $cat.cex
INFO [2021-03-16 01:55:07] [1] 0.6
INFO [2021-03-16 01:55:07] 
INFO [2021-03-16 01:55:07] $cat.fontface
INFO [2021-03-16 01:55:07] [1] "bold"
INFO [2021-03-16 01:55:07] 
INFO [2021-03-16 01:55:07] $cat.default.pos
INFO [2021-03-16 01:55:07] [1] "outer"
INFO [2021-03-16 01:55:07] 
INFO [2021-03-16 01:55:07] $cat.pos
INFO [2021-03-16 01:55:07] c(-12, 12)
INFO [2021-03-16 01:55:07] 
INFO [2021-03-16 01:55:07] $cat.dist
INFO [2021-03-16 01:55:07] c(0.055, 0.055)
INFO [2021-03-16 01:55:07] 
INFO [2021-03-16 01:55:07] $cat.fontfamily
INFO [2021-03-16 01:55:07] [1] "sans"
INFO [2021-03-16 01:55:07] 
