INFO [2021-03-16 07:14:18] $x
INFO [2021-03-16 07:14:18] list(setT, setP)
INFO [2021-03-16 07:14:18] 
INFO [2021-03-16 07:14:18] $category.names
INFO [2021-03-16 07:14:18] c("Transcriptome", "Proteome")
INFO [2021-03-16 07:14:18] 
INFO [2021-03-16 07:14:18] $filename
INFO [2021-03-16 07:14:18] paste0(pathC, "#", dfname2, ".png")
INFO [2021-03-16 07:14:18] 
INFO [2021-03-16 07:14:18] $output
INFO [2021-03-16 07:14:18] [1] TRUE
INFO [2021-03-16 07:14:18] 
INFO [2021-03-16 07:14:18] $imagetype
INFO [2021-03-16 07:14:18] [1] "png"
INFO [2021-03-16 07:14:18] 
INFO [2021-03-16 07:14:18] $height
INFO [2021-03-16 07:14:18] [1] 480
INFO [2021-03-16 07:14:18] 
INFO [2021-03-16 07:14:18] $width
INFO [2021-03-16 07:14:18] [1] 480
INFO [2021-03-16 07:14:18] 
INFO [2021-03-16 07:14:18] $resolution
INFO [2021-03-16 07:14:18] [1] 300
INFO [2021-03-16 07:14:18] 
INFO [2021-03-16 07:14:18] $compression
INFO [2021-03-16 07:14:18] [1] "lzw"
INFO [2021-03-16 07:14:18] 
INFO [2021-03-16 07:14:18] $lwd
INFO [2021-03-16 07:14:18] [1] 2
INFO [2021-03-16 07:14:18] 
INFO [2021-03-16 07:14:18] $lty
INFO [2021-03-16 07:14:18] [1] "blank"
INFO [2021-03-16 07:14:18] 
INFO [2021-03-16 07:14:18] $fill
INFO [2021-03-16 07:14:18] c("lightblue", "yellow")
INFO [2021-03-16 07:14:18] 
INFO [2021-03-16 07:14:18] $cex
INFO [2021-03-16 07:14:18] [1] 0.6
INFO [2021-03-16 07:14:18] 
INFO [2021-03-16 07:14:18] $fontface
INFO [2021-03-16 07:14:18] [1] "bold"
INFO [2021-03-16 07:14:18] 
INFO [2021-03-16 07:14:18] $fontfamily
INFO [2021-03-16 07:14:18] [1] "sans"
INFO [2021-03-16 07:14:18] 
INFO [2021-03-16 07:14:18] $cat.cex
INFO [2021-03-16 07:14:18] [1] 0.6
INFO [2021-03-16 07:14:18] 
INFO [2021-03-16 07:14:18] $cat.fontface
INFO [2021-03-16 07:14:18] [1] "bold"
INFO [2021-03-16 07:14:18] 
INFO [2021-03-16 07:14:18] $cat.default.pos
INFO [2021-03-16 07:14:18] [1] "outer"
INFO [2021-03-16 07:14:18] 
INFO [2021-03-16 07:14:18] $cat.pos
INFO [2021-03-16 07:14:18] c(-12, 12)
INFO [2021-03-16 07:14:18] 
INFO [2021-03-16 07:14:18] $cat.dist
INFO [2021-03-16 07:14:18] c(0.055, 0.055)
INFO [2021-03-16 07:14:18] 
INFO [2021-03-16 07:14:18] $cat.fontfamily
INFO [2021-03-16 07:14:18] [1] "sans"
INFO [2021-03-16 07:14:18] 
