INFO [2021-03-16 07:09:00] $x
INFO [2021-03-16 07:09:00] list(setT, setP)
INFO [2021-03-16 07:09:00] 
INFO [2021-03-16 07:09:00] $category.names
INFO [2021-03-16 07:09:00] c("Transcriptome", "Proteome")
INFO [2021-03-16 07:09:00] 
INFO [2021-03-16 07:09:00] $filename
INFO [2021-03-16 07:09:00] paste0(pathC, "#", dfname2, ".png")
INFO [2021-03-16 07:09:00] 
INFO [2021-03-16 07:09:00] $output
INFO [2021-03-16 07:09:00] [1] TRUE
INFO [2021-03-16 07:09:00] 
INFO [2021-03-16 07:09:00] $imagetype
INFO [2021-03-16 07:09:00] [1] "png"
INFO [2021-03-16 07:09:00] 
INFO [2021-03-16 07:09:00] $height
INFO [2021-03-16 07:09:00] [1] 480
INFO [2021-03-16 07:09:00] 
INFO [2021-03-16 07:09:00] $width
INFO [2021-03-16 07:09:00] [1] 480
INFO [2021-03-16 07:09:00] 
INFO [2021-03-16 07:09:00] $resolution
INFO [2021-03-16 07:09:00] [1] 300
INFO [2021-03-16 07:09:00] 
INFO [2021-03-16 07:09:00] $compression
INFO [2021-03-16 07:09:00] [1] "lzw"
INFO [2021-03-16 07:09:00] 
INFO [2021-03-16 07:09:00] $lwd
INFO [2021-03-16 07:09:00] [1] 2
INFO [2021-03-16 07:09:00] 
INFO [2021-03-16 07:09:00] $lty
INFO [2021-03-16 07:09:00] [1] "blank"
INFO [2021-03-16 07:09:00] 
INFO [2021-03-16 07:09:00] $fill
INFO [2021-03-16 07:09:00] c("lightblue", "yellow")
INFO [2021-03-16 07:09:00] 
INFO [2021-03-16 07:09:00] $cex
INFO [2021-03-16 07:09:00] [1] 0.6
INFO [2021-03-16 07:09:00] 
INFO [2021-03-16 07:09:00] $fontface
INFO [2021-03-16 07:09:00] [1] "bold"
INFO [2021-03-16 07:09:00] 
INFO [2021-03-16 07:09:00] $fontfamily
INFO [2021-03-16 07:09:00] [1] "sans"
INFO [2021-03-16 07:09:00] 
INFO [2021-03-16 07:09:00] $cat.cex
INFO [2021-03-16 07:09:00] [1] 0.6
INFO [2021-03-16 07:09:00] 
INFO [2021-03-16 07:09:00] $cat.fontface
INFO [2021-03-16 07:09:00] [1] "bold"
INFO [2021-03-16 07:09:00] 
INFO [2021-03-16 07:09:00] $cat.default.pos
INFO [2021-03-16 07:09:00] [1] "outer"
INFO [2021-03-16 07:09:00] 
INFO [2021-03-16 07:09:00] $cat.pos
INFO [2021-03-16 07:09:00] c(-12, 12)
INFO [2021-03-16 07:09:00] 
INFO [2021-03-16 07:09:00] $cat.dist
INFO [2021-03-16 07:09:00] c(0.055, 0.055)
INFO [2021-03-16 07:09:00] 
INFO [2021-03-16 07:09:00] $cat.fontfamily
INFO [2021-03-16 07:09:00] [1] "sans"
INFO [2021-03-16 07:09:00] 
