INFO [2021-03-16 07:08:55] $x
INFO [2021-03-16 07:08:55] list(setT, setP)
INFO [2021-03-16 07:08:55] 
INFO [2021-03-16 07:08:55] $category.names
INFO [2021-03-16 07:08:55] c("Transcriptome", "Proteome")
INFO [2021-03-16 07:08:55] 
INFO [2021-03-16 07:08:55] $filename
INFO [2021-03-16 07:08:55] paste0(pathC, "#", dfname2, ".png")
INFO [2021-03-16 07:08:55] 
INFO [2021-03-16 07:08:55] $output
INFO [2021-03-16 07:08:55] [1] TRUE
INFO [2021-03-16 07:08:55] 
INFO [2021-03-16 07:08:55] $imagetype
INFO [2021-03-16 07:08:55] [1] "png"
INFO [2021-03-16 07:08:55] 
INFO [2021-03-16 07:08:55] $height
INFO [2021-03-16 07:08:55] [1] 480
INFO [2021-03-16 07:08:55] 
INFO [2021-03-16 07:08:55] $width
INFO [2021-03-16 07:08:55] [1] 480
INFO [2021-03-16 07:08:55] 
INFO [2021-03-16 07:08:55] $resolution
INFO [2021-03-16 07:08:55] [1] 300
INFO [2021-03-16 07:08:55] 
INFO [2021-03-16 07:08:55] $compression
INFO [2021-03-16 07:08:55] [1] "lzw"
INFO [2021-03-16 07:08:55] 
INFO [2021-03-16 07:08:55] $lwd
INFO [2021-03-16 07:08:55] [1] 2
INFO [2021-03-16 07:08:55] 
INFO [2021-03-16 07:08:55] $lty
INFO [2021-03-16 07:08:55] [1] "blank"
INFO [2021-03-16 07:08:55] 
INFO [2021-03-16 07:08:55] $fill
INFO [2021-03-16 07:08:55] c("lightblue", "yellow")
INFO [2021-03-16 07:08:55] 
INFO [2021-03-16 07:08:55] $cex
INFO [2021-03-16 07:08:55] [1] 0.6
INFO [2021-03-16 07:08:55] 
INFO [2021-03-16 07:08:55] $fontface
INFO [2021-03-16 07:08:55] [1] "bold"
INFO [2021-03-16 07:08:55] 
INFO [2021-03-16 07:08:55] $fontfamily
INFO [2021-03-16 07:08:55] [1] "sans"
INFO [2021-03-16 07:08:55] 
INFO [2021-03-16 07:08:55] $cat.cex
INFO [2021-03-16 07:08:55] [1] 0.6
INFO [2021-03-16 07:08:55] 
INFO [2021-03-16 07:08:55] $cat.fontface
INFO [2021-03-16 07:08:55] [1] "bold"
INFO [2021-03-16 07:08:55] 
INFO [2021-03-16 07:08:55] $cat.default.pos
INFO [2021-03-16 07:08:55] [1] "outer"
INFO [2021-03-16 07:08:55] 
INFO [2021-03-16 07:08:55] $cat.pos
INFO [2021-03-16 07:08:55] c(-12, 12)
INFO [2021-03-16 07:08:55] 
INFO [2021-03-16 07:08:55] $cat.dist
INFO [2021-03-16 07:08:55] c(0.055, 0.055)
INFO [2021-03-16 07:08:55] 
INFO [2021-03-16 07:08:55] $cat.fontfamily
INFO [2021-03-16 07:08:55] [1] "sans"
INFO [2021-03-16 07:08:55] 
