INFO [2021-03-16 06:01:40] $x
INFO [2021-03-16 06:01:40] list(setT, setP)
INFO [2021-03-16 06:01:40] 
INFO [2021-03-16 06:01:40] $category.names
INFO [2021-03-16 06:01:40] c("Transcriptome", "Proteome")
INFO [2021-03-16 06:01:40] 
INFO [2021-03-16 06:01:40] $filename
INFO [2021-03-16 06:01:40] paste0(pathC, "#", dfname2, ".png")
INFO [2021-03-16 06:01:40] 
INFO [2021-03-16 06:01:40] $output
INFO [2021-03-16 06:01:40] [1] TRUE
INFO [2021-03-16 06:01:40] 
INFO [2021-03-16 06:01:40] $imagetype
INFO [2021-03-16 06:01:40] [1] "png"
INFO [2021-03-16 06:01:40] 
INFO [2021-03-16 06:01:40] $height
INFO [2021-03-16 06:01:40] [1] 480
INFO [2021-03-16 06:01:40] 
INFO [2021-03-16 06:01:40] $width
INFO [2021-03-16 06:01:40] [1] 480
INFO [2021-03-16 06:01:40] 
INFO [2021-03-16 06:01:40] $resolution
INFO [2021-03-16 06:01:40] [1] 300
INFO [2021-03-16 06:01:40] 
INFO [2021-03-16 06:01:40] $compression
INFO [2021-03-16 06:01:40] [1] "lzw"
INFO [2021-03-16 06:01:40] 
INFO [2021-03-16 06:01:40] $lwd
INFO [2021-03-16 06:01:40] [1] 2
INFO [2021-03-16 06:01:40] 
INFO [2021-03-16 06:01:40] $lty
INFO [2021-03-16 06:01:40] [1] "blank"
INFO [2021-03-16 06:01:40] 
INFO [2021-03-16 06:01:40] $fill
INFO [2021-03-16 06:01:40] c("lightblue", "yellow")
INFO [2021-03-16 06:01:40] 
INFO [2021-03-16 06:01:40] $cex
INFO [2021-03-16 06:01:40] [1] 0.6
INFO [2021-03-16 06:01:40] 
INFO [2021-03-16 06:01:40] $fontface
INFO [2021-03-16 06:01:40] [1] "bold"
INFO [2021-03-16 06:01:40] 
INFO [2021-03-16 06:01:40] $fontfamily
INFO [2021-03-16 06:01:40] [1] "sans"
INFO [2021-03-16 06:01:40] 
INFO [2021-03-16 06:01:40] $cat.cex
INFO [2021-03-16 06:01:40] [1] 0.6
INFO [2021-03-16 06:01:40] 
INFO [2021-03-16 06:01:40] $cat.fontface
INFO [2021-03-16 06:01:40] [1] "bold"
INFO [2021-03-16 06:01:40] 
INFO [2021-03-16 06:01:40] $cat.default.pos
INFO [2021-03-16 06:01:40] [1] "outer"
INFO [2021-03-16 06:01:40] 
INFO [2021-03-16 06:01:40] $cat.pos
INFO [2021-03-16 06:01:40] c(-12, 12)
INFO [2021-03-16 06:01:40] 
INFO [2021-03-16 06:01:40] $cat.dist
INFO [2021-03-16 06:01:40] c(0.055, 0.055)
INFO [2021-03-16 06:01:40] 
INFO [2021-03-16 06:01:40] $cat.fontfamily
INFO [2021-03-16 06:01:40] [1] "sans"
INFO [2021-03-16 06:01:40] 
