INFO [2021-03-21 09:57:04] $x
INFO [2021-03-21 09:57:04] list(setT, setP)
INFO [2021-03-21 09:57:04] 
INFO [2021-03-21 09:57:04] $category.names
INFO [2021-03-21 09:57:04] c("Transcriptome", "Proteome")
INFO [2021-03-21 09:57:04] 
INFO [2021-03-21 09:57:04] $filename
INFO [2021-03-21 09:57:04] paste0(pathC, "#", dfname2, ".png")
INFO [2021-03-21 09:57:04] 
INFO [2021-03-21 09:57:04] $output
INFO [2021-03-21 09:57:04] [1] TRUE
INFO [2021-03-21 09:57:04] 
INFO [2021-03-21 09:57:04] $imagetype
INFO [2021-03-21 09:57:04] [1] "png"
INFO [2021-03-21 09:57:04] 
INFO [2021-03-21 09:57:04] $height
INFO [2021-03-21 09:57:04] [1] 480
INFO [2021-03-21 09:57:04] 
INFO [2021-03-21 09:57:04] $width
INFO [2021-03-21 09:57:04] [1] 480
INFO [2021-03-21 09:57:04] 
INFO [2021-03-21 09:57:04] $resolution
INFO [2021-03-21 09:57:04] [1] 300
INFO [2021-03-21 09:57:04] 
INFO [2021-03-21 09:57:04] $compression
INFO [2021-03-21 09:57:04] [1] "lzw"
INFO [2021-03-21 09:57:04] 
INFO [2021-03-21 09:57:04] $lwd
INFO [2021-03-21 09:57:04] [1] 2
INFO [2021-03-21 09:57:04] 
INFO [2021-03-21 09:57:04] $lty
INFO [2021-03-21 09:57:04] [1] "blank"
INFO [2021-03-21 09:57:04] 
INFO [2021-03-21 09:57:04] $fill
INFO [2021-03-21 09:57:04] c("lightblue", "yellow")
INFO [2021-03-21 09:57:04] 
INFO [2021-03-21 09:57:04] $cex
INFO [2021-03-21 09:57:04] [1] 0.6
INFO [2021-03-21 09:57:04] 
INFO [2021-03-21 09:57:04] $fontface
INFO [2021-03-21 09:57:04] [1] "bold"
INFO [2021-03-21 09:57:04] 
INFO [2021-03-21 09:57:04] $fontfamily
INFO [2021-03-21 09:57:04] [1] "sans"
INFO [2021-03-21 09:57:04] 
INFO [2021-03-21 09:57:04] $cat.cex
INFO [2021-03-21 09:57:04] [1] 0.6
INFO [2021-03-21 09:57:04] 
INFO [2021-03-21 09:57:04] $cat.fontface
INFO [2021-03-21 09:57:04] [1] "bold"
INFO [2021-03-21 09:57:04] 
INFO [2021-03-21 09:57:04] $cat.default.pos
INFO [2021-03-21 09:57:04] [1] "outer"
INFO [2021-03-21 09:57:04] 
INFO [2021-03-21 09:57:04] $cat.pos
INFO [2021-03-21 09:57:04] c(-12, 12)
INFO [2021-03-21 09:57:04] 
INFO [2021-03-21 09:57:04] $cat.dist
INFO [2021-03-21 09:57:04] c(0.055, 0.055)
INFO [2021-03-21 09:57:04] 
INFO [2021-03-21 09:57:04] $cat.fontfamily
INFO [2021-03-21 09:57:04] [1] "sans"
INFO [2021-03-21 09:57:04] 
