INFO [2021-03-16 07:14:14] $x
INFO [2021-03-16 07:14:14] list(setT, setP)
INFO [2021-03-16 07:14:14] 
INFO [2021-03-16 07:14:14] $category.names
INFO [2021-03-16 07:14:14] c("Transcriptome", "Proteome")
INFO [2021-03-16 07:14:14] 
INFO [2021-03-16 07:14:14] $filename
INFO [2021-03-16 07:14:14] paste0(pathC, "#", dfname2, ".png")
INFO [2021-03-16 07:14:14] 
INFO [2021-03-16 07:14:14] $output
INFO [2021-03-16 07:14:14] [1] TRUE
INFO [2021-03-16 07:14:14] 
INFO [2021-03-16 07:14:14] $imagetype
INFO [2021-03-16 07:14:14] [1] "png"
INFO [2021-03-16 07:14:14] 
INFO [2021-03-16 07:14:14] $height
INFO [2021-03-16 07:14:14] [1] 480
INFO [2021-03-16 07:14:14] 
INFO [2021-03-16 07:14:14] $width
INFO [2021-03-16 07:14:14] [1] 480
INFO [2021-03-16 07:14:14] 
INFO [2021-03-16 07:14:14] $resolution
INFO [2021-03-16 07:14:14] [1] 300
INFO [2021-03-16 07:14:14] 
INFO [2021-03-16 07:14:14] $compression
INFO [2021-03-16 07:14:14] [1] "lzw"
INFO [2021-03-16 07:14:14] 
INFO [2021-03-16 07:14:14] $lwd
INFO [2021-03-16 07:14:14] [1] 2
INFO [2021-03-16 07:14:14] 
INFO [2021-03-16 07:14:14] $lty
INFO [2021-03-16 07:14:14] [1] "blank"
INFO [2021-03-16 07:14:14] 
INFO [2021-03-16 07:14:14] $fill
INFO [2021-03-16 07:14:14] c("lightblue", "yellow")
INFO [2021-03-16 07:14:14] 
INFO [2021-03-16 07:14:14] $cex
INFO [2021-03-16 07:14:14] [1] 0.6
INFO [2021-03-16 07:14:14] 
INFO [2021-03-16 07:14:14] $fontface
INFO [2021-03-16 07:14:14] [1] "bold"
INFO [2021-03-16 07:14:14] 
INFO [2021-03-16 07:14:14] $fontfamily
INFO [2021-03-16 07:14:14] [1] "sans"
INFO [2021-03-16 07:14:14] 
INFO [2021-03-16 07:14:14] $cat.cex
INFO [2021-03-16 07:14:14] [1] 0.6
INFO [2021-03-16 07:14:14] 
INFO [2021-03-16 07:14:14] $cat.fontface
INFO [2021-03-16 07:14:14] [1] "bold"
INFO [2021-03-16 07:14:14] 
INFO [2021-03-16 07:14:14] $cat.default.pos
INFO [2021-03-16 07:14:14] [1] "outer"
INFO [2021-03-16 07:14:14] 
INFO [2021-03-16 07:14:14] $cat.pos
INFO [2021-03-16 07:14:14] c(-12, 12)
INFO [2021-03-16 07:14:14] 
INFO [2021-03-16 07:14:14] $cat.dist
INFO [2021-03-16 07:14:14] c(0.055, 0.055)
INFO [2021-03-16 07:14:14] 
INFO [2021-03-16 07:14:14] $cat.fontfamily
INFO [2021-03-16 07:14:14] [1] "sans"
INFO [2021-03-16 07:14:14] 
