INFO [2021-03-16 06:01:43] $x
INFO [2021-03-16 06:01:43] list(setT, setP)
INFO [2021-03-16 06:01:43] 
INFO [2021-03-16 06:01:43] $category.names
INFO [2021-03-16 06:01:43] c("Transcriptome", "Proteome")
INFO [2021-03-16 06:01:43] 
INFO [2021-03-16 06:01:43] $filename
INFO [2021-03-16 06:01:43] paste0(pathC, "#", dfname2, ".png")
INFO [2021-03-16 06:01:43] 
INFO [2021-03-16 06:01:43] $output
INFO [2021-03-16 06:01:43] [1] TRUE
INFO [2021-03-16 06:01:43] 
INFO [2021-03-16 06:01:43] $imagetype
INFO [2021-03-16 06:01:43] [1] "png"
INFO [2021-03-16 06:01:43] 
INFO [2021-03-16 06:01:43] $height
INFO [2021-03-16 06:01:43] [1] 480
INFO [2021-03-16 06:01:43] 
INFO [2021-03-16 06:01:43] $width
INFO [2021-03-16 06:01:43] [1] 480
INFO [2021-03-16 06:01:43] 
INFO [2021-03-16 06:01:43] $resolution
INFO [2021-03-16 06:01:43] [1] 300
INFO [2021-03-16 06:01:43] 
INFO [2021-03-16 06:01:43] $compression
INFO [2021-03-16 06:01:43] [1] "lzw"
INFO [2021-03-16 06:01:43] 
INFO [2021-03-16 06:01:43] $lwd
INFO [2021-03-16 06:01:43] [1] 2
INFO [2021-03-16 06:01:43] 
INFO [2021-03-16 06:01:43] $lty
INFO [2021-03-16 06:01:43] [1] "blank"
INFO [2021-03-16 06:01:43] 
INFO [2021-03-16 06:01:43] $fill
INFO [2021-03-16 06:01:43] c("lightblue", "yellow")
INFO [2021-03-16 06:01:43] 
INFO [2021-03-16 06:01:43] $cex
INFO [2021-03-16 06:01:43] [1] 0.6
INFO [2021-03-16 06:01:43] 
INFO [2021-03-16 06:01:43] $fontface
INFO [2021-03-16 06:01:43] [1] "bold"
INFO [2021-03-16 06:01:43] 
INFO [2021-03-16 06:01:43] $fontfamily
INFO [2021-03-16 06:01:43] [1] "sans"
INFO [2021-03-16 06:01:43] 
INFO [2021-03-16 06:01:43] $cat.cex
INFO [2021-03-16 06:01:43] [1] 0.6
INFO [2021-03-16 06:01:43] 
INFO [2021-03-16 06:01:43] $cat.fontface
INFO [2021-03-16 06:01:43] [1] "bold"
INFO [2021-03-16 06:01:43] 
INFO [2021-03-16 06:01:43] $cat.default.pos
INFO [2021-03-16 06:01:43] [1] "outer"
INFO [2021-03-16 06:01:43] 
INFO [2021-03-16 06:01:43] $cat.pos
INFO [2021-03-16 06:01:43] c(-12, 12)
INFO [2021-03-16 06:01:43] 
INFO [2021-03-16 06:01:43] $cat.dist
INFO [2021-03-16 06:01:43] c(0.055, 0.055)
INFO [2021-03-16 06:01:43] 
INFO [2021-03-16 06:01:43] $cat.fontfamily
INFO [2021-03-16 06:01:43] [1] "sans"
INFO [2021-03-16 06:01:43] 
