INFO [2021-03-16 07:01:42] $x
INFO [2021-03-16 07:01:42] list(setT, setP)
INFO [2021-03-16 07:01:42] 
INFO [2021-03-16 07:01:42] $category.names
INFO [2021-03-16 07:01:42] c("Transcriptome", "Proteome")
INFO [2021-03-16 07:01:42] 
INFO [2021-03-16 07:01:42] $filename
INFO [2021-03-16 07:01:42] paste0(pathC, "#", dfname2, ".png")
INFO [2021-03-16 07:01:42] 
INFO [2021-03-16 07:01:42] $output
INFO [2021-03-16 07:01:42] [1] TRUE
INFO [2021-03-16 07:01:42] 
INFO [2021-03-16 07:01:42] $imagetype
INFO [2021-03-16 07:01:42] [1] "png"
INFO [2021-03-16 07:01:42] 
INFO [2021-03-16 07:01:42] $height
INFO [2021-03-16 07:01:42] [1] 480
INFO [2021-03-16 07:01:42] 
INFO [2021-03-16 07:01:42] $width
INFO [2021-03-16 07:01:42] [1] 480
INFO [2021-03-16 07:01:42] 
INFO [2021-03-16 07:01:42] $resolution
INFO [2021-03-16 07:01:42] [1] 300
INFO [2021-03-16 07:01:42] 
INFO [2021-03-16 07:01:42] $compression
INFO [2021-03-16 07:01:42] [1] "lzw"
INFO [2021-03-16 07:01:42] 
INFO [2021-03-16 07:01:42] $lwd
INFO [2021-03-16 07:01:42] [1] 2
INFO [2021-03-16 07:01:42] 
INFO [2021-03-16 07:01:42] $lty
INFO [2021-03-16 07:01:42] [1] "blank"
INFO [2021-03-16 07:01:42] 
INFO [2021-03-16 07:01:42] $fill
INFO [2021-03-16 07:01:42] c("lightblue", "yellow")
INFO [2021-03-16 07:01:42] 
INFO [2021-03-16 07:01:42] $cex
INFO [2021-03-16 07:01:42] [1] 0.6
INFO [2021-03-16 07:01:42] 
INFO [2021-03-16 07:01:42] $fontface
INFO [2021-03-16 07:01:42] [1] "bold"
INFO [2021-03-16 07:01:42] 
INFO [2021-03-16 07:01:42] $fontfamily
INFO [2021-03-16 07:01:42] [1] "sans"
INFO [2021-03-16 07:01:42] 
INFO [2021-03-16 07:01:42] $cat.cex
INFO [2021-03-16 07:01:42] [1] 0.6
INFO [2021-03-16 07:01:42] 
INFO [2021-03-16 07:01:42] $cat.fontface
INFO [2021-03-16 07:01:42] [1] "bold"
INFO [2021-03-16 07:01:42] 
INFO [2021-03-16 07:01:42] $cat.default.pos
INFO [2021-03-16 07:01:42] [1] "outer"
INFO [2021-03-16 07:01:42] 
INFO [2021-03-16 07:01:42] $cat.pos
INFO [2021-03-16 07:01:42] c(-12, 12)
INFO [2021-03-16 07:01:42] 
INFO [2021-03-16 07:01:42] $cat.dist
INFO [2021-03-16 07:01:42] c(0.055, 0.055)
INFO [2021-03-16 07:01:42] 
INFO [2021-03-16 07:01:42] $cat.fontfamily
INFO [2021-03-16 07:01:42] [1] "sans"
INFO [2021-03-16 07:01:42] 
