INFO [2021-03-16 05:23:35] $x
INFO [2021-03-16 05:23:35] list(setT, setP)
INFO [2021-03-16 05:23:35] 
INFO [2021-03-16 05:23:35] $category.names
INFO [2021-03-16 05:23:35] c("Transcriptome", "Proteome")
INFO [2021-03-16 05:23:35] 
INFO [2021-03-16 05:23:35] $filename
INFO [2021-03-16 05:23:35] paste0(pathC, "#", dfname2, ".png")
INFO [2021-03-16 05:23:35] 
INFO [2021-03-16 05:23:35] $output
INFO [2021-03-16 05:23:35] [1] TRUE
INFO [2021-03-16 05:23:35] 
INFO [2021-03-16 05:23:35] $imagetype
INFO [2021-03-16 05:23:35] [1] "png"
INFO [2021-03-16 05:23:35] 
INFO [2021-03-16 05:23:35] $height
INFO [2021-03-16 05:23:35] [1] 480
INFO [2021-03-16 05:23:35] 
INFO [2021-03-16 05:23:35] $width
INFO [2021-03-16 05:23:35] [1] 480
INFO [2021-03-16 05:23:35] 
INFO [2021-03-16 05:23:35] $resolution
INFO [2021-03-16 05:23:35] [1] 300
INFO [2021-03-16 05:23:35] 
INFO [2021-03-16 05:23:35] $compression
INFO [2021-03-16 05:23:35] [1] "lzw"
INFO [2021-03-16 05:23:35] 
INFO [2021-03-16 05:23:35] $lwd
INFO [2021-03-16 05:23:35] [1] 2
INFO [2021-03-16 05:23:35] 
INFO [2021-03-16 05:23:35] $lty
INFO [2021-03-16 05:23:35] [1] "blank"
INFO [2021-03-16 05:23:35] 
INFO [2021-03-16 05:23:35] $fill
INFO [2021-03-16 05:23:35] c("lightblue", "yellow")
INFO [2021-03-16 05:23:35] 
INFO [2021-03-16 05:23:35] $cex
INFO [2021-03-16 05:23:35] [1] 0.6
INFO [2021-03-16 05:23:35] 
INFO [2021-03-16 05:23:35] $fontface
INFO [2021-03-16 05:23:35] [1] "bold"
INFO [2021-03-16 05:23:35] 
INFO [2021-03-16 05:23:35] $fontfamily
INFO [2021-03-16 05:23:35] [1] "sans"
INFO [2021-03-16 05:23:35] 
INFO [2021-03-16 05:23:35] $cat.cex
INFO [2021-03-16 05:23:35] [1] 0.6
INFO [2021-03-16 05:23:35] 
INFO [2021-03-16 05:23:35] $cat.fontface
INFO [2021-03-16 05:23:35] [1] "bold"
INFO [2021-03-16 05:23:35] 
INFO [2021-03-16 05:23:35] $cat.default.pos
INFO [2021-03-16 05:23:35] [1] "outer"
INFO [2021-03-16 05:23:35] 
INFO [2021-03-16 05:23:35] $cat.pos
INFO [2021-03-16 05:23:35] c(-12, 12)
INFO [2021-03-16 05:23:35] 
INFO [2021-03-16 05:23:35] $cat.dist
INFO [2021-03-16 05:23:35] c(0.055, 0.055)
INFO [2021-03-16 05:23:35] 
INFO [2021-03-16 05:23:35] $cat.fontfamily
INFO [2021-03-16 05:23:35] [1] "sans"
INFO [2021-03-16 05:23:35] 
