INFO [2021-03-16 07:06:41] $x
INFO [2021-03-16 07:06:41] list(setT, setP)
INFO [2021-03-16 07:06:41] 
INFO [2021-03-16 07:06:41] $category.names
INFO [2021-03-16 07:06:41] c("Transcriptome", "Proteome")
INFO [2021-03-16 07:06:41] 
INFO [2021-03-16 07:06:41] $filename
INFO [2021-03-16 07:06:41] paste0(pathC, "#", dfname2, ".png")
INFO [2021-03-16 07:06:41] 
INFO [2021-03-16 07:06:41] $output
INFO [2021-03-16 07:06:41] [1] TRUE
INFO [2021-03-16 07:06:41] 
INFO [2021-03-16 07:06:41] $imagetype
INFO [2021-03-16 07:06:41] [1] "png"
INFO [2021-03-16 07:06:41] 
INFO [2021-03-16 07:06:41] $height
INFO [2021-03-16 07:06:41] [1] 480
INFO [2021-03-16 07:06:41] 
INFO [2021-03-16 07:06:41] $width
INFO [2021-03-16 07:06:41] [1] 480
INFO [2021-03-16 07:06:41] 
INFO [2021-03-16 07:06:41] $resolution
INFO [2021-03-16 07:06:41] [1] 300
INFO [2021-03-16 07:06:41] 
INFO [2021-03-16 07:06:41] $compression
INFO [2021-03-16 07:06:41] [1] "lzw"
INFO [2021-03-16 07:06:41] 
INFO [2021-03-16 07:06:41] $lwd
INFO [2021-03-16 07:06:41] [1] 2
INFO [2021-03-16 07:06:41] 
INFO [2021-03-16 07:06:41] $lty
INFO [2021-03-16 07:06:41] [1] "blank"
INFO [2021-03-16 07:06:41] 
INFO [2021-03-16 07:06:41] $fill
INFO [2021-03-16 07:06:41] c("lightblue", "yellow")
INFO [2021-03-16 07:06:41] 
INFO [2021-03-16 07:06:41] $cex
INFO [2021-03-16 07:06:41] [1] 0.6
INFO [2021-03-16 07:06:41] 
INFO [2021-03-16 07:06:41] $fontface
INFO [2021-03-16 07:06:41] [1] "bold"
INFO [2021-03-16 07:06:41] 
INFO [2021-03-16 07:06:41] $fontfamily
INFO [2021-03-16 07:06:41] [1] "sans"
INFO [2021-03-16 07:06:41] 
INFO [2021-03-16 07:06:41] $cat.cex
INFO [2021-03-16 07:06:41] [1] 0.6
INFO [2021-03-16 07:06:41] 
INFO [2021-03-16 07:06:41] $cat.fontface
INFO [2021-03-16 07:06:41] [1] "bold"
INFO [2021-03-16 07:06:41] 
INFO [2021-03-16 07:06:41] $cat.default.pos
INFO [2021-03-16 07:06:41] [1] "outer"
INFO [2021-03-16 07:06:41] 
INFO [2021-03-16 07:06:41] $cat.pos
INFO [2021-03-16 07:06:41] c(-12, 12)
INFO [2021-03-16 07:06:41] 
INFO [2021-03-16 07:06:41] $cat.dist
INFO [2021-03-16 07:06:41] c(0.055, 0.055)
INFO [2021-03-16 07:06:41] 
INFO [2021-03-16 07:06:41] $cat.fontfamily
INFO [2021-03-16 07:06:41] [1] "sans"
INFO [2021-03-16 07:06:41] 
