INFO [2021-03-16 06:01:37] $x
INFO [2021-03-16 06:01:37] list(setT, setP)
INFO [2021-03-16 06:01:37] 
INFO [2021-03-16 06:01:37] $category.names
INFO [2021-03-16 06:01:37] c("Transcriptome", "Proteome")
INFO [2021-03-16 06:01:37] 
INFO [2021-03-16 06:01:37] $filename
INFO [2021-03-16 06:01:37] paste0(pathC, "#", dfname2, ".png")
INFO [2021-03-16 06:01:37] 
INFO [2021-03-16 06:01:37] $output
INFO [2021-03-16 06:01:37] [1] TRUE
INFO [2021-03-16 06:01:37] 
INFO [2021-03-16 06:01:37] $imagetype
INFO [2021-03-16 06:01:37] [1] "png"
INFO [2021-03-16 06:01:37] 
INFO [2021-03-16 06:01:37] $height
INFO [2021-03-16 06:01:37] [1] 480
INFO [2021-03-16 06:01:37] 
INFO [2021-03-16 06:01:37] $width
INFO [2021-03-16 06:01:37] [1] 480
INFO [2021-03-16 06:01:37] 
INFO [2021-03-16 06:01:37] $resolution
INFO [2021-03-16 06:01:37] [1] 300
INFO [2021-03-16 06:01:37] 
INFO [2021-03-16 06:01:37] $compression
INFO [2021-03-16 06:01:37] [1] "lzw"
INFO [2021-03-16 06:01:37] 
INFO [2021-03-16 06:01:37] $lwd
INFO [2021-03-16 06:01:37] [1] 2
INFO [2021-03-16 06:01:37] 
INFO [2021-03-16 06:01:37] $lty
INFO [2021-03-16 06:01:37] [1] "blank"
INFO [2021-03-16 06:01:37] 
INFO [2021-03-16 06:01:37] $fill
INFO [2021-03-16 06:01:37] c("lightblue", "yellow")
INFO [2021-03-16 06:01:37] 
INFO [2021-03-16 06:01:37] $cex
INFO [2021-03-16 06:01:37] [1] 0.6
INFO [2021-03-16 06:01:37] 
INFO [2021-03-16 06:01:37] $fontface
INFO [2021-03-16 06:01:37] [1] "bold"
INFO [2021-03-16 06:01:37] 
INFO [2021-03-16 06:01:37] $fontfamily
INFO [2021-03-16 06:01:37] [1] "sans"
INFO [2021-03-16 06:01:37] 
INFO [2021-03-16 06:01:37] $cat.cex
INFO [2021-03-16 06:01:37] [1] 0.6
INFO [2021-03-16 06:01:37] 
INFO [2021-03-16 06:01:37] $cat.fontface
INFO [2021-03-16 06:01:37] [1] "bold"
INFO [2021-03-16 06:01:37] 
INFO [2021-03-16 06:01:37] $cat.default.pos
INFO [2021-03-16 06:01:37] [1] "outer"
INFO [2021-03-16 06:01:37] 
INFO [2021-03-16 06:01:37] $cat.pos
INFO [2021-03-16 06:01:37] c(-12, 12)
INFO [2021-03-16 06:01:37] 
INFO [2021-03-16 06:01:37] $cat.dist
INFO [2021-03-16 06:01:37] c(0.055, 0.055)
INFO [2021-03-16 06:01:37] 
INFO [2021-03-16 06:01:37] $cat.fontfamily
INFO [2021-03-16 06:01:37] [1] "sans"
INFO [2021-03-16 06:01:37] 
