INFO [2021-03-16 05:23:34] $x
INFO [2021-03-16 05:23:34] list(setT, setP)
INFO [2021-03-16 05:23:34] 
INFO [2021-03-16 05:23:34] $category.names
INFO [2021-03-16 05:23:34] c("Transcriptome", "Proteome")
INFO [2021-03-16 05:23:34] 
INFO [2021-03-16 05:23:34] $filename
INFO [2021-03-16 05:23:34] paste0(pathC, "#", dfname2, ".png")
INFO [2021-03-16 05:23:34] 
INFO [2021-03-16 05:23:34] $output
INFO [2021-03-16 05:23:34] [1] TRUE
INFO [2021-03-16 05:23:34] 
INFO [2021-03-16 05:23:34] $imagetype
INFO [2021-03-16 05:23:34] [1] "png"
INFO [2021-03-16 05:23:34] 
INFO [2021-03-16 05:23:34] $height
INFO [2021-03-16 05:23:34] [1] 480
INFO [2021-03-16 05:23:34] 
INFO [2021-03-16 05:23:34] $width
INFO [2021-03-16 05:23:34] [1] 480
INFO [2021-03-16 05:23:34] 
INFO [2021-03-16 05:23:34] $resolution
INFO [2021-03-16 05:23:34] [1] 300
INFO [2021-03-16 05:23:34] 
INFO [2021-03-16 05:23:34] $compression
INFO [2021-03-16 05:23:34] [1] "lzw"
INFO [2021-03-16 05:23:34] 
INFO [2021-03-16 05:23:34] $lwd
INFO [2021-03-16 05:23:34] [1] 2
INFO [2021-03-16 05:23:34] 
INFO [2021-03-16 05:23:34] $lty
INFO [2021-03-16 05:23:34] [1] "blank"
INFO [2021-03-16 05:23:34] 
INFO [2021-03-16 05:23:34] $fill
INFO [2021-03-16 05:23:34] c("lightblue", "yellow")
INFO [2021-03-16 05:23:34] 
INFO [2021-03-16 05:23:34] $cex
INFO [2021-03-16 05:23:34] [1] 0.6
INFO [2021-03-16 05:23:34] 
INFO [2021-03-16 05:23:34] $fontface
INFO [2021-03-16 05:23:34] [1] "bold"
INFO [2021-03-16 05:23:34] 
INFO [2021-03-16 05:23:34] $fontfamily
INFO [2021-03-16 05:23:34] [1] "sans"
INFO [2021-03-16 05:23:34] 
INFO [2021-03-16 05:23:34] $cat.cex
INFO [2021-03-16 05:23:34] [1] 0.6
INFO [2021-03-16 05:23:34] 
INFO [2021-03-16 05:23:34] $cat.fontface
INFO [2021-03-16 05:23:34] [1] "bold"
INFO [2021-03-16 05:23:34] 
INFO [2021-03-16 05:23:34] $cat.default.pos
INFO [2021-03-16 05:23:34] [1] "outer"
INFO [2021-03-16 05:23:34] 
INFO [2021-03-16 05:23:34] $cat.pos
INFO [2021-03-16 05:23:34] c(-12, 12)
INFO [2021-03-16 05:23:34] 
INFO [2021-03-16 05:23:34] $cat.dist
INFO [2021-03-16 05:23:34] c(0.055, 0.055)
INFO [2021-03-16 05:23:34] 
INFO [2021-03-16 05:23:34] $cat.fontfamily
INFO [2021-03-16 05:23:34] [1] "sans"
INFO [2021-03-16 05:23:34] 
