INFO [2021-03-16 01:43:10] $x
INFO [2021-03-16 01:43:10] list(setT, setP)
INFO [2021-03-16 01:43:10] 
INFO [2021-03-16 01:43:10] $category.names
INFO [2021-03-16 01:43:10] c("Transcriptome", "Proteome")
INFO [2021-03-16 01:43:10] 
INFO [2021-03-16 01:43:10] $filename
INFO [2021-03-16 01:43:10] paste0(pathC, "#DStoCTR_UT_Total.png")
INFO [2021-03-16 01:43:10] 
INFO [2021-03-16 01:43:10] $output
INFO [2021-03-16 01:43:10] [1] TRUE
INFO [2021-03-16 01:43:10] 
INFO [2021-03-16 01:43:10] $imagetype
INFO [2021-03-16 01:43:10] [1] "png"
INFO [2021-03-16 01:43:10] 
INFO [2021-03-16 01:43:10] $height
INFO [2021-03-16 01:43:10] [1] 480
INFO [2021-03-16 01:43:10] 
INFO [2021-03-16 01:43:10] $width
INFO [2021-03-16 01:43:10] [1] 480
INFO [2021-03-16 01:43:10] 
INFO [2021-03-16 01:43:10] $resolution
INFO [2021-03-16 01:43:10] [1] 300
INFO [2021-03-16 01:43:10] 
INFO [2021-03-16 01:43:10] $compression
INFO [2021-03-16 01:43:10] [1] "lzw"
INFO [2021-03-16 01:43:10] 
INFO [2021-03-16 01:43:10] $lwd
INFO [2021-03-16 01:43:10] [1] 2
INFO [2021-03-16 01:43:10] 
INFO [2021-03-16 01:43:10] $lty
INFO [2021-03-16 01:43:10] [1] "blank"
INFO [2021-03-16 01:43:10] 
INFO [2021-03-16 01:43:10] $fill
INFO [2021-03-16 01:43:10] c("lightblue", "yellow")
INFO [2021-03-16 01:43:10] 
INFO [2021-03-16 01:43:10] $cex
INFO [2021-03-16 01:43:10] [1] 0.6
INFO [2021-03-16 01:43:10] 
INFO [2021-03-16 01:43:10] $fontface
INFO [2021-03-16 01:43:10] [1] "bold"
INFO [2021-03-16 01:43:10] 
INFO [2021-03-16 01:43:10] $fontfamily
INFO [2021-03-16 01:43:10] [1] "sans"
INFO [2021-03-16 01:43:10] 
INFO [2021-03-16 01:43:10] $cat.cex
INFO [2021-03-16 01:43:10] [1] 0.6
INFO [2021-03-16 01:43:10] 
INFO [2021-03-16 01:43:10] $cat.fontface
INFO [2021-03-16 01:43:10] [1] "bold"
INFO [2021-03-16 01:43:10] 
INFO [2021-03-16 01:43:10] $cat.default.pos
INFO [2021-03-16 01:43:10] [1] "outer"
INFO [2021-03-16 01:43:10] 
INFO [2021-03-16 01:43:10] $cat.pos
INFO [2021-03-16 01:43:10] c(-27, 27)
INFO [2021-03-16 01:43:10] 
INFO [2021-03-16 01:43:10] $cat.dist
INFO [2021-03-16 01:43:10] c(0.055, 0.055)
INFO [2021-03-16 01:43:10] 
INFO [2021-03-16 01:43:10] $cat.fontfamily
INFO [2021-03-16 01:43:10] [1] "sans"
INFO [2021-03-16 01:43:10] 
