INFO [2021-03-16 07:14:15] $x
INFO [2021-03-16 07:14:15] list(setT, setP)
INFO [2021-03-16 07:14:15] 
INFO [2021-03-16 07:14:15] $category.names
INFO [2021-03-16 07:14:15] c("Transcriptome", "Proteome")
INFO [2021-03-16 07:14:15] 
INFO [2021-03-16 07:14:15] $filename
INFO [2021-03-16 07:14:15] paste0(pathC, "#", dfname2, ".png")
INFO [2021-03-16 07:14:15] 
INFO [2021-03-16 07:14:15] $output
INFO [2021-03-16 07:14:15] [1] TRUE
INFO [2021-03-16 07:14:15] 
INFO [2021-03-16 07:14:15] $imagetype
INFO [2021-03-16 07:14:15] [1] "png"
INFO [2021-03-16 07:14:15] 
INFO [2021-03-16 07:14:15] $height
INFO [2021-03-16 07:14:15] [1] 480
INFO [2021-03-16 07:14:15] 
INFO [2021-03-16 07:14:15] $width
INFO [2021-03-16 07:14:15] [1] 480
INFO [2021-03-16 07:14:15] 
INFO [2021-03-16 07:14:15] $resolution
INFO [2021-03-16 07:14:15] [1] 300
INFO [2021-03-16 07:14:15] 
INFO [2021-03-16 07:14:15] $compression
INFO [2021-03-16 07:14:15] [1] "lzw"
INFO [2021-03-16 07:14:15] 
INFO [2021-03-16 07:14:15] $lwd
INFO [2021-03-16 07:14:15] [1] 2
INFO [2021-03-16 07:14:15] 
INFO [2021-03-16 07:14:15] $lty
INFO [2021-03-16 07:14:15] [1] "blank"
INFO [2021-03-16 07:14:15] 
INFO [2021-03-16 07:14:15] $fill
INFO [2021-03-16 07:14:15] c("lightblue", "yellow")
INFO [2021-03-16 07:14:15] 
INFO [2021-03-16 07:14:15] $cex
INFO [2021-03-16 07:14:15] [1] 0.6
INFO [2021-03-16 07:14:15] 
INFO [2021-03-16 07:14:15] $fontface
INFO [2021-03-16 07:14:15] [1] "bold"
INFO [2021-03-16 07:14:15] 
INFO [2021-03-16 07:14:15] $fontfamily
INFO [2021-03-16 07:14:15] [1] "sans"
INFO [2021-03-16 07:14:15] 
INFO [2021-03-16 07:14:15] $cat.cex
INFO [2021-03-16 07:14:15] [1] 0.6
INFO [2021-03-16 07:14:15] 
INFO [2021-03-16 07:14:15] $cat.fontface
INFO [2021-03-16 07:14:15] [1] "bold"
INFO [2021-03-16 07:14:15] 
INFO [2021-03-16 07:14:15] $cat.default.pos
INFO [2021-03-16 07:14:15] [1] "outer"
INFO [2021-03-16 07:14:15] 
INFO [2021-03-16 07:14:15] $cat.pos
INFO [2021-03-16 07:14:15] c(-12, 12)
INFO [2021-03-16 07:14:15] 
INFO [2021-03-16 07:14:15] $cat.dist
INFO [2021-03-16 07:14:15] c(0.055, 0.055)
INFO [2021-03-16 07:14:15] 
INFO [2021-03-16 07:14:15] $cat.fontfamily
INFO [2021-03-16 07:14:15] [1] "sans"
INFO [2021-03-16 07:14:15] 
