INFO [2021-03-16 07:14:16] $x
INFO [2021-03-16 07:14:16] list(setT, setP)
INFO [2021-03-16 07:14:16] 
INFO [2021-03-16 07:14:16] $category.names
INFO [2021-03-16 07:14:16] c("Transcriptome", "Proteome")
INFO [2021-03-16 07:14:16] 
INFO [2021-03-16 07:14:16] $filename
INFO [2021-03-16 07:14:16] paste0(pathC, "#", dfname2, ".png")
INFO [2021-03-16 07:14:16] 
INFO [2021-03-16 07:14:16] $output
INFO [2021-03-16 07:14:16] [1] TRUE
INFO [2021-03-16 07:14:16] 
INFO [2021-03-16 07:14:16] $imagetype
INFO [2021-03-16 07:14:16] [1] "png"
INFO [2021-03-16 07:14:16] 
INFO [2021-03-16 07:14:16] $height
INFO [2021-03-16 07:14:16] [1] 480
INFO [2021-03-16 07:14:16] 
INFO [2021-03-16 07:14:16] $width
INFO [2021-03-16 07:14:16] [1] 480
INFO [2021-03-16 07:14:16] 
INFO [2021-03-16 07:14:16] $resolution
INFO [2021-03-16 07:14:16] [1] 300
INFO [2021-03-16 07:14:16] 
INFO [2021-03-16 07:14:16] $compression
INFO [2021-03-16 07:14:16] [1] "lzw"
INFO [2021-03-16 07:14:16] 
INFO [2021-03-16 07:14:16] $lwd
INFO [2021-03-16 07:14:16] [1] 2
INFO [2021-03-16 07:14:16] 
INFO [2021-03-16 07:14:16] $lty
INFO [2021-03-16 07:14:16] [1] "blank"
INFO [2021-03-16 07:14:16] 
INFO [2021-03-16 07:14:16] $fill
INFO [2021-03-16 07:14:16] c("lightblue", "yellow")
INFO [2021-03-16 07:14:16] 
INFO [2021-03-16 07:14:16] $cex
INFO [2021-03-16 07:14:16] [1] 0.6
INFO [2021-03-16 07:14:16] 
INFO [2021-03-16 07:14:16] $fontface
INFO [2021-03-16 07:14:16] [1] "bold"
INFO [2021-03-16 07:14:16] 
INFO [2021-03-16 07:14:16] $fontfamily
INFO [2021-03-16 07:14:16] [1] "sans"
INFO [2021-03-16 07:14:16] 
INFO [2021-03-16 07:14:16] $cat.cex
INFO [2021-03-16 07:14:16] [1] 0.6
INFO [2021-03-16 07:14:16] 
INFO [2021-03-16 07:14:16] $cat.fontface
INFO [2021-03-16 07:14:16] [1] "bold"
INFO [2021-03-16 07:14:16] 
INFO [2021-03-16 07:14:16] $cat.default.pos
INFO [2021-03-16 07:14:16] [1] "outer"
INFO [2021-03-16 07:14:16] 
INFO [2021-03-16 07:14:16] $cat.pos
INFO [2021-03-16 07:14:16] c(-12, 12)
INFO [2021-03-16 07:14:16] 
INFO [2021-03-16 07:14:16] $cat.dist
INFO [2021-03-16 07:14:16] c(0.055, 0.055)
INFO [2021-03-16 07:14:16] 
INFO [2021-03-16 07:14:16] $cat.fontfamily
INFO [2021-03-16 07:14:16] [1] "sans"
INFO [2021-03-16 07:14:16] 
