INFO [2021-03-21 09:59:19] $x
INFO [2021-03-21 09:59:19] list(setT, setP)
INFO [2021-03-21 09:59:19] 
INFO [2021-03-21 09:59:19] $category.names
INFO [2021-03-21 09:59:19] c("Transcriptome", "Proteome")
INFO [2021-03-21 09:59:19] 
INFO [2021-03-21 09:59:19] $filename
INFO [2021-03-21 09:59:19] paste0(pathC, "#", dfname2, ".png")
INFO [2021-03-21 09:59:19] 
INFO [2021-03-21 09:59:19] $output
INFO [2021-03-21 09:59:19] [1] TRUE
INFO [2021-03-21 09:59:19] 
INFO [2021-03-21 09:59:19] $imagetype
INFO [2021-03-21 09:59:19] [1] "png"
INFO [2021-03-21 09:59:19] 
INFO [2021-03-21 09:59:19] $height
INFO [2021-03-21 09:59:19] [1] 480
INFO [2021-03-21 09:59:19] 
INFO [2021-03-21 09:59:19] $width
INFO [2021-03-21 09:59:19] [1] 480
INFO [2021-03-21 09:59:19] 
INFO [2021-03-21 09:59:19] $resolution
INFO [2021-03-21 09:59:19] [1] 300
INFO [2021-03-21 09:59:19] 
INFO [2021-03-21 09:59:19] $compression
INFO [2021-03-21 09:59:19] [1] "lzw"
INFO [2021-03-21 09:59:19] 
INFO [2021-03-21 09:59:19] $lwd
INFO [2021-03-21 09:59:19] [1] 2
INFO [2021-03-21 09:59:19] 
INFO [2021-03-21 09:59:19] $lty
INFO [2021-03-21 09:59:19] [1] "blank"
INFO [2021-03-21 09:59:19] 
INFO [2021-03-21 09:59:19] $fill
INFO [2021-03-21 09:59:19] c("lightblue", "yellow")
INFO [2021-03-21 09:59:19] 
INFO [2021-03-21 09:59:19] $cex
INFO [2021-03-21 09:59:19] [1] 0.6
INFO [2021-03-21 09:59:19] 
INFO [2021-03-21 09:59:19] $fontface
INFO [2021-03-21 09:59:19] [1] "bold"
INFO [2021-03-21 09:59:19] 
INFO [2021-03-21 09:59:19] $fontfamily
INFO [2021-03-21 09:59:19] [1] "sans"
INFO [2021-03-21 09:59:19] 
INFO [2021-03-21 09:59:19] $cat.cex
INFO [2021-03-21 09:59:19] [1] 0.6
INFO [2021-03-21 09:59:19] 
INFO [2021-03-21 09:59:19] $cat.fontface
INFO [2021-03-21 09:59:19] [1] "bold"
INFO [2021-03-21 09:59:19] 
INFO [2021-03-21 09:59:19] $cat.default.pos
INFO [2021-03-21 09:59:19] [1] "outer"
INFO [2021-03-21 09:59:19] 
INFO [2021-03-21 09:59:19] $cat.pos
INFO [2021-03-21 09:59:19] c(-12, 12)
INFO [2021-03-21 09:59:19] 
INFO [2021-03-21 09:59:19] $cat.dist
INFO [2021-03-21 09:59:19] c(0.055, 0.055)
INFO [2021-03-21 09:59:19] 
INFO [2021-03-21 09:59:19] $cat.fontfamily
INFO [2021-03-21 09:59:19] [1] "sans"
INFO [2021-03-21 09:59:19] 
