INFO [2021-05-20 07:14:57] $x
INFO [2021-05-20 07:14:57] list(setT, setP)
INFO [2021-05-20 07:14:57] 
INFO [2021-05-20 07:14:57] $category.names
INFO [2021-05-20 07:14:57] c("Transcriptome", "Proteome")
INFO [2021-05-20 07:14:57] 
INFO [2021-05-20 07:14:57] $filename
INFO [2021-05-20 07:14:57] paste0(pathC, "#", dfname2, ".png")
INFO [2021-05-20 07:14:57] 
INFO [2021-05-20 07:14:57] $output
INFO [2021-05-20 07:14:57] [1] TRUE
INFO [2021-05-20 07:14:57] 
INFO [2021-05-20 07:14:57] $imagetype
INFO [2021-05-20 07:14:57] [1] "png"
INFO [2021-05-20 07:14:57] 
INFO [2021-05-20 07:14:57] $height
INFO [2021-05-20 07:14:57] [1] 480
INFO [2021-05-20 07:14:57] 
INFO [2021-05-20 07:14:57] $width
INFO [2021-05-20 07:14:57] [1] 480
INFO [2021-05-20 07:14:57] 
INFO [2021-05-20 07:14:57] $resolution
INFO [2021-05-20 07:14:57] [1] 300
INFO [2021-05-20 07:14:57] 
INFO [2021-05-20 07:14:57] $compression
INFO [2021-05-20 07:14:57] [1] "lzw"
INFO [2021-05-20 07:14:57] 
INFO [2021-05-20 07:14:57] $lwd
INFO [2021-05-20 07:14:57] [1] 2
INFO [2021-05-20 07:14:57] 
INFO [2021-05-20 07:14:57] $lty
INFO [2021-05-20 07:14:57] [1] "blank"
INFO [2021-05-20 07:14:57] 
INFO [2021-05-20 07:14:57] $fill
INFO [2021-05-20 07:14:57] c("lightblue", "yellow")
INFO [2021-05-20 07:14:57] 
INFO [2021-05-20 07:14:57] $cex
INFO [2021-05-20 07:14:57] [1] 0.6
INFO [2021-05-20 07:14:57] 
INFO [2021-05-20 07:14:57] $fontface
INFO [2021-05-20 07:14:57] [1] "bold"
INFO [2021-05-20 07:14:57] 
INFO [2021-05-20 07:14:57] $fontfamily
INFO [2021-05-20 07:14:57] [1] "sans"
INFO [2021-05-20 07:14:57] 
INFO [2021-05-20 07:14:57] $cat.cex
INFO [2021-05-20 07:14:57] [1] 0.6
INFO [2021-05-20 07:14:57] 
INFO [2021-05-20 07:14:57] $cat.fontface
INFO [2021-05-20 07:14:57] [1] "bold"
INFO [2021-05-20 07:14:57] 
INFO [2021-05-20 07:14:57] $cat.default.pos
INFO [2021-05-20 07:14:57] [1] "outer"
INFO [2021-05-20 07:14:57] 
INFO [2021-05-20 07:14:57] $cat.pos
INFO [2021-05-20 07:14:57] c(-12, 12)
INFO [2021-05-20 07:14:57] 
INFO [2021-05-20 07:14:57] $cat.dist
INFO [2021-05-20 07:14:57] c(0.055, 0.055)
INFO [2021-05-20 07:14:57] 
INFO [2021-05-20 07:14:57] $cat.fontfamily
INFO [2021-05-20 07:14:57] [1] "sans"
INFO [2021-05-20 07:14:57] 
