INFO [2021-03-21 09:59:20] $x
INFO [2021-03-21 09:59:20] list(setT, setP)
INFO [2021-03-21 09:59:20] 
INFO [2021-03-21 09:59:20] $category.names
INFO [2021-03-21 09:59:20] c("Transcriptome", "Proteome")
INFO [2021-03-21 09:59:20] 
INFO [2021-03-21 09:59:20] $filename
INFO [2021-03-21 09:59:20] paste0(pathC, "#", dfname2, ".png")
INFO [2021-03-21 09:59:20] 
INFO [2021-03-21 09:59:20] $output
INFO [2021-03-21 09:59:20] [1] TRUE
INFO [2021-03-21 09:59:20] 
INFO [2021-03-21 09:59:20] $imagetype
INFO [2021-03-21 09:59:20] [1] "png"
INFO [2021-03-21 09:59:20] 
INFO [2021-03-21 09:59:20] $height
INFO [2021-03-21 09:59:20] [1] 480
INFO [2021-03-21 09:59:20] 
INFO [2021-03-21 09:59:20] $width
INFO [2021-03-21 09:59:20] [1] 480
INFO [2021-03-21 09:59:20] 
INFO [2021-03-21 09:59:20] $resolution
INFO [2021-03-21 09:59:20] [1] 300
INFO [2021-03-21 09:59:20] 
INFO [2021-03-21 09:59:20] $compression
INFO [2021-03-21 09:59:20] [1] "lzw"
INFO [2021-03-21 09:59:20] 
INFO [2021-03-21 09:59:20] $lwd
INFO [2021-03-21 09:59:20] [1] 2
INFO [2021-03-21 09:59:20] 
INFO [2021-03-21 09:59:20] $lty
INFO [2021-03-21 09:59:20] [1] "blank"
INFO [2021-03-21 09:59:20] 
INFO [2021-03-21 09:59:20] $fill
INFO [2021-03-21 09:59:20] c("lightblue", "yellow")
INFO [2021-03-21 09:59:20] 
INFO [2021-03-21 09:59:20] $cex
INFO [2021-03-21 09:59:20] [1] 0.6
INFO [2021-03-21 09:59:20] 
INFO [2021-03-21 09:59:20] $fontface
INFO [2021-03-21 09:59:20] [1] "bold"
INFO [2021-03-21 09:59:20] 
INFO [2021-03-21 09:59:20] $fontfamily
INFO [2021-03-21 09:59:20] [1] "sans"
INFO [2021-03-21 09:59:20] 
INFO [2021-03-21 09:59:20] $cat.cex
INFO [2021-03-21 09:59:20] [1] 0.6
INFO [2021-03-21 09:59:20] 
INFO [2021-03-21 09:59:20] $cat.fontface
INFO [2021-03-21 09:59:20] [1] "bold"
INFO [2021-03-21 09:59:20] 
INFO [2021-03-21 09:59:20] $cat.default.pos
INFO [2021-03-21 09:59:20] [1] "outer"
INFO [2021-03-21 09:59:20] 
INFO [2021-03-21 09:59:20] $cat.pos
INFO [2021-03-21 09:59:20] c(-12, 12)
INFO [2021-03-21 09:59:20] 
INFO [2021-03-21 09:59:20] $cat.dist
INFO [2021-03-21 09:59:20] c(0.055, 0.055)
INFO [2021-03-21 09:59:20] 
INFO [2021-03-21 09:59:20] $cat.fontfamily
INFO [2021-03-21 09:59:20] [1] "sans"
INFO [2021-03-21 09:59:20] 
