INFO [2021-05-20 07:14:59] $x
INFO [2021-05-20 07:14:59] list(setT, setP)
INFO [2021-05-20 07:14:59] 
INFO [2021-05-20 07:14:59] $category.names
INFO [2021-05-20 07:14:59] c("Transcriptome", "Proteome")
INFO [2021-05-20 07:14:59] 
INFO [2021-05-20 07:14:59] $filename
INFO [2021-05-20 07:14:59] paste0(pathC, "#", dfname2, ".png")
INFO [2021-05-20 07:14:59] 
INFO [2021-05-20 07:14:59] $output
INFO [2021-05-20 07:14:59] [1] TRUE
INFO [2021-05-20 07:14:59] 
INFO [2021-05-20 07:14:59] $imagetype
INFO [2021-05-20 07:14:59] [1] "png"
INFO [2021-05-20 07:14:59] 
INFO [2021-05-20 07:14:59] $height
INFO [2021-05-20 07:14:59] [1] 480
INFO [2021-05-20 07:14:59] 
INFO [2021-05-20 07:14:59] $width
INFO [2021-05-20 07:14:59] [1] 480
INFO [2021-05-20 07:14:59] 
INFO [2021-05-20 07:14:59] $resolution
INFO [2021-05-20 07:14:59] [1] 300
INFO [2021-05-20 07:14:59] 
INFO [2021-05-20 07:14:59] $compression
INFO [2021-05-20 07:14:59] [1] "lzw"
INFO [2021-05-20 07:14:59] 
INFO [2021-05-20 07:14:59] $lwd
INFO [2021-05-20 07:14:59] [1] 2
INFO [2021-05-20 07:14:59] 
INFO [2021-05-20 07:14:59] $lty
INFO [2021-05-20 07:14:59] [1] "blank"
INFO [2021-05-20 07:14:59] 
INFO [2021-05-20 07:14:59] $fill
INFO [2021-05-20 07:14:59] c("lightblue", "yellow")
INFO [2021-05-20 07:14:59] 
INFO [2021-05-20 07:14:59] $cex
INFO [2021-05-20 07:14:59] [1] 0.6
INFO [2021-05-20 07:14:59] 
INFO [2021-05-20 07:14:59] $fontface
INFO [2021-05-20 07:14:59] [1] "bold"
INFO [2021-05-20 07:14:59] 
INFO [2021-05-20 07:14:59] $fontfamily
INFO [2021-05-20 07:14:59] [1] "sans"
INFO [2021-05-20 07:14:59] 
INFO [2021-05-20 07:14:59] $cat.cex
INFO [2021-05-20 07:14:59] [1] 0.6
INFO [2021-05-20 07:14:59] 
INFO [2021-05-20 07:14:59] $cat.fontface
INFO [2021-05-20 07:14:59] [1] "bold"
INFO [2021-05-20 07:14:59] 
INFO [2021-05-20 07:14:59] $cat.default.pos
INFO [2021-05-20 07:14:59] [1] "outer"
INFO [2021-05-20 07:14:59] 
INFO [2021-05-20 07:14:59] $cat.pos
INFO [2021-05-20 07:14:59] c(-12, 12)
INFO [2021-05-20 07:14:59] 
INFO [2021-05-20 07:14:59] $cat.dist
INFO [2021-05-20 07:14:59] c(0.055, 0.055)
INFO [2021-05-20 07:14:59] 
INFO [2021-05-20 07:14:59] $cat.fontfamily
INFO [2021-05-20 07:14:59] [1] "sans"
INFO [2021-05-20 07:14:59] 
