INFO [2021-05-20 07:14:58] $x
INFO [2021-05-20 07:14:58] list(setT, setP)
INFO [2021-05-20 07:14:58] 
INFO [2021-05-20 07:14:58] $category.names
INFO [2021-05-20 07:14:58] c("Transcriptome", "Proteome")
INFO [2021-05-20 07:14:58] 
INFO [2021-05-20 07:14:58] $filename
INFO [2021-05-20 07:14:58] paste0(pathC, "#", dfname2, ".png")
INFO [2021-05-20 07:14:58] 
INFO [2021-05-20 07:14:58] $output
INFO [2021-05-20 07:14:58] [1] TRUE
INFO [2021-05-20 07:14:58] 
INFO [2021-05-20 07:14:58] $imagetype
INFO [2021-05-20 07:14:58] [1] "png"
INFO [2021-05-20 07:14:58] 
INFO [2021-05-20 07:14:58] $height
INFO [2021-05-20 07:14:58] [1] 480
INFO [2021-05-20 07:14:58] 
INFO [2021-05-20 07:14:58] $width
INFO [2021-05-20 07:14:58] [1] 480
INFO [2021-05-20 07:14:58] 
INFO [2021-05-20 07:14:58] $resolution
INFO [2021-05-20 07:14:58] [1] 300
INFO [2021-05-20 07:14:58] 
INFO [2021-05-20 07:14:58] $compression
INFO [2021-05-20 07:14:58] [1] "lzw"
INFO [2021-05-20 07:14:58] 
INFO [2021-05-20 07:14:58] $lwd
INFO [2021-05-20 07:14:58] [1] 2
INFO [2021-05-20 07:14:58] 
INFO [2021-05-20 07:14:58] $lty
INFO [2021-05-20 07:14:58] [1] "blank"
INFO [2021-05-20 07:14:58] 
INFO [2021-05-20 07:14:58] $fill
INFO [2021-05-20 07:14:58] c("lightblue", "yellow")
INFO [2021-05-20 07:14:58] 
INFO [2021-05-20 07:14:58] $cex
INFO [2021-05-20 07:14:58] [1] 0.6
INFO [2021-05-20 07:14:58] 
INFO [2021-05-20 07:14:58] $fontface
INFO [2021-05-20 07:14:58] [1] "bold"
INFO [2021-05-20 07:14:58] 
INFO [2021-05-20 07:14:58] $fontfamily
INFO [2021-05-20 07:14:58] [1] "sans"
INFO [2021-05-20 07:14:58] 
INFO [2021-05-20 07:14:58] $cat.cex
INFO [2021-05-20 07:14:58] [1] 0.6
INFO [2021-05-20 07:14:58] 
INFO [2021-05-20 07:14:58] $cat.fontface
INFO [2021-05-20 07:14:58] [1] "bold"
INFO [2021-05-20 07:14:58] 
INFO [2021-05-20 07:14:58] $cat.default.pos
INFO [2021-05-20 07:14:58] [1] "outer"
INFO [2021-05-20 07:14:58] 
INFO [2021-05-20 07:14:58] $cat.pos
INFO [2021-05-20 07:14:58] c(-12, 12)
INFO [2021-05-20 07:14:58] 
INFO [2021-05-20 07:14:58] $cat.dist
INFO [2021-05-20 07:14:58] c(0.055, 0.055)
INFO [2021-05-20 07:14:58] 
INFO [2021-05-20 07:14:58] $cat.fontfamily
INFO [2021-05-20 07:14:58] [1] "sans"
INFO [2021-05-20 07:14:58] 
