INFO [2021-05-20 06:44:45] $x
INFO [2021-05-20 06:44:45] list(setT, setP)
INFO [2021-05-20 06:44:45] 
INFO [2021-05-20 06:44:45] $category.names
INFO [2021-05-20 06:44:45] c("Transcriptome", "Proteome")
INFO [2021-05-20 06:44:45] 
INFO [2021-05-20 06:44:45] $filename
INFO [2021-05-20 06:44:45] paste0(pathC, "#", dfname2, ".png")
INFO [2021-05-20 06:44:45] 
INFO [2021-05-20 06:44:45] $output
INFO [2021-05-20 06:44:45] [1] TRUE
INFO [2021-05-20 06:44:45] 
INFO [2021-05-20 06:44:45] $imagetype
INFO [2021-05-20 06:44:45] [1] "png"
INFO [2021-05-20 06:44:45] 
INFO [2021-05-20 06:44:45] $height
INFO [2021-05-20 06:44:45] [1] 480
INFO [2021-05-20 06:44:45] 
INFO [2021-05-20 06:44:45] $width
INFO [2021-05-20 06:44:45] [1] 480
INFO [2021-05-20 06:44:45] 
INFO [2021-05-20 06:44:45] $resolution
INFO [2021-05-20 06:44:45] [1] 300
INFO [2021-05-20 06:44:45] 
INFO [2021-05-20 06:44:45] $compression
INFO [2021-05-20 06:44:45] [1] "lzw"
INFO [2021-05-20 06:44:45] 
INFO [2021-05-20 06:44:45] $lwd
INFO [2021-05-20 06:44:45] [1] 2
INFO [2021-05-20 06:44:45] 
INFO [2021-05-20 06:44:45] $lty
INFO [2021-05-20 06:44:45] [1] "blank"
INFO [2021-05-20 06:44:45] 
INFO [2021-05-20 06:44:45] $fill
INFO [2021-05-20 06:44:45] c("lightblue", "yellow")
INFO [2021-05-20 06:44:45] 
INFO [2021-05-20 06:44:45] $cex
INFO [2021-05-20 06:44:45] [1] 0.6
INFO [2021-05-20 06:44:45] 
INFO [2021-05-20 06:44:45] $fontface
INFO [2021-05-20 06:44:45] [1] "bold"
INFO [2021-05-20 06:44:45] 
INFO [2021-05-20 06:44:45] $fontfamily
INFO [2021-05-20 06:44:45] [1] "sans"
INFO [2021-05-20 06:44:45] 
INFO [2021-05-20 06:44:45] $cat.cex
INFO [2021-05-20 06:44:45] [1] 0.6
INFO [2021-05-20 06:44:45] 
INFO [2021-05-20 06:44:45] $cat.fontface
INFO [2021-05-20 06:44:45] [1] "bold"
INFO [2021-05-20 06:44:45] 
INFO [2021-05-20 06:44:45] $cat.default.pos
INFO [2021-05-20 06:44:45] [1] "outer"
INFO [2021-05-20 06:44:45] 
INFO [2021-05-20 06:44:45] $cat.pos
INFO [2021-05-20 06:44:45] c(-12, 12)
INFO [2021-05-20 06:44:45] 
INFO [2021-05-20 06:44:45] $cat.dist
INFO [2021-05-20 06:44:45] c(0.055, 0.055)
INFO [2021-05-20 06:44:45] 
INFO [2021-05-20 06:44:45] $cat.fontfamily
INFO [2021-05-20 06:44:45] [1] "sans"
INFO [2021-05-20 06:44:45] 
