INFO [2021-05-20 07:14:54] $x
INFO [2021-05-20 07:14:54] list(setT, setP)
INFO [2021-05-20 07:14:54] 
INFO [2021-05-20 07:14:54] $category.names
INFO [2021-05-20 07:14:54] c("Transcriptome", "Proteome")
INFO [2021-05-20 07:14:54] 
INFO [2021-05-20 07:14:54] $filename
INFO [2021-05-20 07:14:54] paste0(pathC, "#", dfname2, ".png")
INFO [2021-05-20 07:14:54] 
INFO [2021-05-20 07:14:54] $output
INFO [2021-05-20 07:14:54] [1] TRUE
INFO [2021-05-20 07:14:54] 
INFO [2021-05-20 07:14:54] $imagetype
INFO [2021-05-20 07:14:54] [1] "png"
INFO [2021-05-20 07:14:54] 
INFO [2021-05-20 07:14:54] $height
INFO [2021-05-20 07:14:54] [1] 480
INFO [2021-05-20 07:14:54] 
INFO [2021-05-20 07:14:54] $width
INFO [2021-05-20 07:14:54] [1] 480
INFO [2021-05-20 07:14:54] 
INFO [2021-05-20 07:14:54] $resolution
INFO [2021-05-20 07:14:54] [1] 300
INFO [2021-05-20 07:14:54] 
INFO [2021-05-20 07:14:54] $compression
INFO [2021-05-20 07:14:54] [1] "lzw"
INFO [2021-05-20 07:14:54] 
INFO [2021-05-20 07:14:54] $lwd
INFO [2021-05-20 07:14:54] [1] 2
INFO [2021-05-20 07:14:54] 
INFO [2021-05-20 07:14:54] $lty
INFO [2021-05-20 07:14:54] [1] "blank"
INFO [2021-05-20 07:14:54] 
INFO [2021-05-20 07:14:54] $fill
INFO [2021-05-20 07:14:54] c("lightblue", "yellow")
INFO [2021-05-20 07:14:54] 
INFO [2021-05-20 07:14:54] $cex
INFO [2021-05-20 07:14:54] [1] 0.6
INFO [2021-05-20 07:14:54] 
INFO [2021-05-20 07:14:54] $fontface
INFO [2021-05-20 07:14:54] [1] "bold"
INFO [2021-05-20 07:14:54] 
INFO [2021-05-20 07:14:54] $fontfamily
INFO [2021-05-20 07:14:54] [1] "sans"
INFO [2021-05-20 07:14:54] 
INFO [2021-05-20 07:14:54] $cat.cex
INFO [2021-05-20 07:14:54] [1] 0.6
INFO [2021-05-20 07:14:54] 
INFO [2021-05-20 07:14:54] $cat.fontface
INFO [2021-05-20 07:14:54] [1] "bold"
INFO [2021-05-20 07:14:54] 
INFO [2021-05-20 07:14:54] $cat.default.pos
INFO [2021-05-20 07:14:54] [1] "outer"
INFO [2021-05-20 07:14:54] 
INFO [2021-05-20 07:14:54] $cat.pos
INFO [2021-05-20 07:14:54] c(-12, 12)
INFO [2021-05-20 07:14:54] 
INFO [2021-05-20 07:14:54] $cat.dist
INFO [2021-05-20 07:14:54] c(0.055, 0.055)
INFO [2021-05-20 07:14:54] 
INFO [2021-05-20 07:14:54] $cat.fontfamily
INFO [2021-05-20 07:14:54] [1] "sans"
INFO [2021-05-20 07:14:54] 
