INFO [2021-03-21 09:59:13] $x
INFO [2021-03-21 09:59:13] list(setT, setP)
INFO [2021-03-21 09:59:13] 
INFO [2021-03-21 09:59:13] $category.names
INFO [2021-03-21 09:59:13] c("Transcriptome", "Proteome")
INFO [2021-03-21 09:59:13] 
INFO [2021-03-21 09:59:13] $filename
INFO [2021-03-21 09:59:13] paste0(pathC, "#", dfname2, ".png")
INFO [2021-03-21 09:59:13] 
INFO [2021-03-21 09:59:13] $output
INFO [2021-03-21 09:59:13] [1] TRUE
INFO [2021-03-21 09:59:13] 
INFO [2021-03-21 09:59:13] $imagetype
INFO [2021-03-21 09:59:13] [1] "png"
INFO [2021-03-21 09:59:13] 
INFO [2021-03-21 09:59:13] $height
INFO [2021-03-21 09:59:13] [1] 480
INFO [2021-03-21 09:59:13] 
INFO [2021-03-21 09:59:13] $width
INFO [2021-03-21 09:59:13] [1] 480
INFO [2021-03-21 09:59:13] 
INFO [2021-03-21 09:59:13] $resolution
INFO [2021-03-21 09:59:13] [1] 300
INFO [2021-03-21 09:59:13] 
INFO [2021-03-21 09:59:13] $compression
INFO [2021-03-21 09:59:13] [1] "lzw"
INFO [2021-03-21 09:59:13] 
INFO [2021-03-21 09:59:13] $lwd
INFO [2021-03-21 09:59:13] [1] 2
INFO [2021-03-21 09:59:13] 
INFO [2021-03-21 09:59:13] $lty
INFO [2021-03-21 09:59:13] [1] "blank"
INFO [2021-03-21 09:59:13] 
INFO [2021-03-21 09:59:13] $fill
INFO [2021-03-21 09:59:13] c("lightblue", "yellow")
INFO [2021-03-21 09:59:13] 
INFO [2021-03-21 09:59:13] $cex
INFO [2021-03-21 09:59:13] [1] 0.6
INFO [2021-03-21 09:59:13] 
INFO [2021-03-21 09:59:13] $fontface
INFO [2021-03-21 09:59:13] [1] "bold"
INFO [2021-03-21 09:59:13] 
INFO [2021-03-21 09:59:13] $fontfamily
INFO [2021-03-21 09:59:13] [1] "sans"
INFO [2021-03-21 09:59:13] 
INFO [2021-03-21 09:59:13] $cat.cex
INFO [2021-03-21 09:59:13] [1] 0.6
INFO [2021-03-21 09:59:13] 
INFO [2021-03-21 09:59:13] $cat.fontface
INFO [2021-03-21 09:59:13] [1] "bold"
INFO [2021-03-21 09:59:13] 
INFO [2021-03-21 09:59:13] $cat.default.pos
INFO [2021-03-21 09:59:13] [1] "outer"
INFO [2021-03-21 09:59:13] 
INFO [2021-03-21 09:59:13] $cat.pos
INFO [2021-03-21 09:59:13] c(-12, 12)
INFO [2021-03-21 09:59:13] 
INFO [2021-03-21 09:59:13] $cat.dist
INFO [2021-03-21 09:59:13] c(0.055, 0.055)
INFO [2021-03-21 09:59:13] 
INFO [2021-03-21 09:59:13] $cat.fontfamily
INFO [2021-03-21 09:59:13] [1] "sans"
INFO [2021-03-21 09:59:13] 
