INFO [2021-05-20 06:44:44] $x
INFO [2021-05-20 06:44:44] list(setT, setP)
INFO [2021-05-20 06:44:44] 
INFO [2021-05-20 06:44:44] $category.names
INFO [2021-05-20 06:44:44] c("Transcriptome", "Proteome")
INFO [2021-05-20 06:44:44] 
INFO [2021-05-20 06:44:44] $filename
INFO [2021-05-20 06:44:44] paste0(pathC, "#", dfname2, ".png")
INFO [2021-05-20 06:44:44] 
INFO [2021-05-20 06:44:44] $output
INFO [2021-05-20 06:44:44] [1] TRUE
INFO [2021-05-20 06:44:44] 
INFO [2021-05-20 06:44:44] $imagetype
INFO [2021-05-20 06:44:44] [1] "png"
INFO [2021-05-20 06:44:44] 
INFO [2021-05-20 06:44:44] $height
INFO [2021-05-20 06:44:44] [1] 480
INFO [2021-05-20 06:44:44] 
INFO [2021-05-20 06:44:44] $width
INFO [2021-05-20 06:44:44] [1] 480
INFO [2021-05-20 06:44:44] 
INFO [2021-05-20 06:44:44] $resolution
INFO [2021-05-20 06:44:44] [1] 300
INFO [2021-05-20 06:44:44] 
INFO [2021-05-20 06:44:44] $compression
INFO [2021-05-20 06:44:44] [1] "lzw"
INFO [2021-05-20 06:44:44] 
INFO [2021-05-20 06:44:44] $lwd
INFO [2021-05-20 06:44:44] [1] 2
INFO [2021-05-20 06:44:44] 
INFO [2021-05-20 06:44:44] $lty
INFO [2021-05-20 06:44:44] [1] "blank"
INFO [2021-05-20 06:44:44] 
INFO [2021-05-20 06:44:44] $fill
INFO [2021-05-20 06:44:44] c("lightblue", "yellow")
INFO [2021-05-20 06:44:44] 
INFO [2021-05-20 06:44:44] $cex
INFO [2021-05-20 06:44:44] [1] 0.6
INFO [2021-05-20 06:44:44] 
INFO [2021-05-20 06:44:44] $fontface
INFO [2021-05-20 06:44:44] [1] "bold"
INFO [2021-05-20 06:44:44] 
INFO [2021-05-20 06:44:44] $fontfamily
INFO [2021-05-20 06:44:44] [1] "sans"
INFO [2021-05-20 06:44:44] 
INFO [2021-05-20 06:44:44] $cat.cex
INFO [2021-05-20 06:44:44] [1] 0.6
INFO [2021-05-20 06:44:44] 
INFO [2021-05-20 06:44:44] $cat.fontface
INFO [2021-05-20 06:44:44] [1] "bold"
INFO [2021-05-20 06:44:44] 
INFO [2021-05-20 06:44:44] $cat.default.pos
INFO [2021-05-20 06:44:44] [1] "outer"
INFO [2021-05-20 06:44:44] 
INFO [2021-05-20 06:44:44] $cat.pos
INFO [2021-05-20 06:44:44] c(-12, 12)
INFO [2021-05-20 06:44:44] 
INFO [2021-05-20 06:44:44] $cat.dist
INFO [2021-05-20 06:44:44] c(0.055, 0.055)
INFO [2021-05-20 06:44:44] 
INFO [2021-05-20 06:44:44] $cat.fontfamily
INFO [2021-05-20 06:44:44] [1] "sans"
INFO [2021-05-20 06:44:44] 
