INFO [2021-05-20 06:45:21] $x
INFO [2021-05-20 06:45:21] list(setT, setP)
INFO [2021-05-20 06:45:21] 
INFO [2021-05-20 06:45:21] $category.names
INFO [2021-05-20 06:45:21] c("Transcriptome", "Proteome")
INFO [2021-05-20 06:45:21] 
INFO [2021-05-20 06:45:21] $filename
INFO [2021-05-20 06:45:21] paste0(pathC, "#", dfname2, ".png")
INFO [2021-05-20 06:45:21] 
INFO [2021-05-20 06:45:21] $output
INFO [2021-05-20 06:45:21] [1] TRUE
INFO [2021-05-20 06:45:21] 
INFO [2021-05-20 06:45:21] $imagetype
INFO [2021-05-20 06:45:21] [1] "png"
INFO [2021-05-20 06:45:21] 
INFO [2021-05-20 06:45:21] $height
INFO [2021-05-20 06:45:21] [1] 480
INFO [2021-05-20 06:45:21] 
INFO [2021-05-20 06:45:21] $width
INFO [2021-05-20 06:45:21] [1] 480
INFO [2021-05-20 06:45:21] 
INFO [2021-05-20 06:45:21] $resolution
INFO [2021-05-20 06:45:21] [1] 300
INFO [2021-05-20 06:45:21] 
INFO [2021-05-20 06:45:21] $compression
INFO [2021-05-20 06:45:21] [1] "lzw"
INFO [2021-05-20 06:45:21] 
INFO [2021-05-20 06:45:21] $lwd
INFO [2021-05-20 06:45:21] [1] 2
INFO [2021-05-20 06:45:21] 
INFO [2021-05-20 06:45:21] $lty
INFO [2021-05-20 06:45:21] [1] "blank"
INFO [2021-05-20 06:45:21] 
INFO [2021-05-20 06:45:21] $fill
INFO [2021-05-20 06:45:21] c("lightblue", "yellow")
INFO [2021-05-20 06:45:21] 
INFO [2021-05-20 06:45:21] $cex
INFO [2021-05-20 06:45:21] [1] 0.6
INFO [2021-05-20 06:45:21] 
INFO [2021-05-20 06:45:21] $fontface
INFO [2021-05-20 06:45:21] [1] "bold"
INFO [2021-05-20 06:45:21] 
INFO [2021-05-20 06:45:21] $fontfamily
INFO [2021-05-20 06:45:21] [1] "sans"
INFO [2021-05-20 06:45:21] 
INFO [2021-05-20 06:45:21] $cat.cex
INFO [2021-05-20 06:45:21] [1] 0.6
INFO [2021-05-20 06:45:21] 
INFO [2021-05-20 06:45:21] $cat.fontface
INFO [2021-05-20 06:45:21] [1] "bold"
INFO [2021-05-20 06:45:21] 
INFO [2021-05-20 06:45:21] $cat.default.pos
INFO [2021-05-20 06:45:21] [1] "outer"
INFO [2021-05-20 06:45:21] 
INFO [2021-05-20 06:45:21] $cat.pos
INFO [2021-05-20 06:45:21] c(-12, 12)
INFO [2021-05-20 06:45:21] 
INFO [2021-05-20 06:45:21] $cat.dist
INFO [2021-05-20 06:45:21] c(0.055, 0.055)
INFO [2021-05-20 06:45:21] 
INFO [2021-05-20 06:45:21] $cat.fontfamily
INFO [2021-05-20 06:45:21] [1] "sans"
INFO [2021-05-20 06:45:21] 
