INFO [2021-05-20 06:45:22] $x
INFO [2021-05-20 06:45:22] list(setT, setP)
INFO [2021-05-20 06:45:22] 
INFO [2021-05-20 06:45:22] $category.names
INFO [2021-05-20 06:45:22] c("Transcriptome", "Proteome")
INFO [2021-05-20 06:45:22] 
INFO [2021-05-20 06:45:22] $filename
INFO [2021-05-20 06:45:22] paste0(pathC, "#", dfname2, ".png")
INFO [2021-05-20 06:45:22] 
INFO [2021-05-20 06:45:22] $output
INFO [2021-05-20 06:45:22] [1] TRUE
INFO [2021-05-20 06:45:22] 
INFO [2021-05-20 06:45:22] $imagetype
INFO [2021-05-20 06:45:22] [1] "png"
INFO [2021-05-20 06:45:22] 
INFO [2021-05-20 06:45:22] $height
INFO [2021-05-20 06:45:22] [1] 480
INFO [2021-05-20 06:45:22] 
INFO [2021-05-20 06:45:22] $width
INFO [2021-05-20 06:45:22] [1] 480
INFO [2021-05-20 06:45:22] 
INFO [2021-05-20 06:45:22] $resolution
INFO [2021-05-20 06:45:22] [1] 300
INFO [2021-05-20 06:45:22] 
INFO [2021-05-20 06:45:22] $compression
INFO [2021-05-20 06:45:22] [1] "lzw"
INFO [2021-05-20 06:45:22] 
INFO [2021-05-20 06:45:22] $lwd
INFO [2021-05-20 06:45:22] [1] 2
INFO [2021-05-20 06:45:22] 
INFO [2021-05-20 06:45:22] $lty
INFO [2021-05-20 06:45:22] [1] "blank"
INFO [2021-05-20 06:45:22] 
INFO [2021-05-20 06:45:22] $fill
INFO [2021-05-20 06:45:22] c("lightblue", "yellow")
INFO [2021-05-20 06:45:22] 
INFO [2021-05-20 06:45:22] $cex
INFO [2021-05-20 06:45:22] [1] 0.6
INFO [2021-05-20 06:45:22] 
INFO [2021-05-20 06:45:22] $fontface
INFO [2021-05-20 06:45:22] [1] "bold"
INFO [2021-05-20 06:45:22] 
INFO [2021-05-20 06:45:22] $fontfamily
INFO [2021-05-20 06:45:22] [1] "sans"
INFO [2021-05-20 06:45:22] 
INFO [2021-05-20 06:45:22] $cat.cex
INFO [2021-05-20 06:45:22] [1] 0.6
INFO [2021-05-20 06:45:22] 
INFO [2021-05-20 06:45:22] $cat.fontface
INFO [2021-05-20 06:45:22] [1] "bold"
INFO [2021-05-20 06:45:22] 
INFO [2021-05-20 06:45:22] $cat.default.pos
INFO [2021-05-20 06:45:22] [1] "outer"
INFO [2021-05-20 06:45:22] 
INFO [2021-05-20 06:45:22] $cat.pos
INFO [2021-05-20 06:45:22] c(-12, 12)
INFO [2021-05-20 06:45:22] 
INFO [2021-05-20 06:45:22] $cat.dist
INFO [2021-05-20 06:45:22] c(0.055, 0.055)
INFO [2021-05-20 06:45:22] 
INFO [2021-05-20 06:45:22] $cat.fontfamily
INFO [2021-05-20 06:45:22] [1] "sans"
INFO [2021-05-20 06:45:22] 
