INFO [2021-05-20 07:18:28] $x
INFO [2021-05-20 07:18:28] list(setT, setP)
INFO [2021-05-20 07:18:28] 
INFO [2021-05-20 07:18:28] $category.names
INFO [2021-05-20 07:18:28] c("Transcriptome", "Proteome")
INFO [2021-05-20 07:18:28] 
INFO [2021-05-20 07:18:28] $filename
INFO [2021-05-20 07:18:28] paste0(pathC, "#", dfname2, ".png")
INFO [2021-05-20 07:18:28] 
INFO [2021-05-20 07:18:28] $output
INFO [2021-05-20 07:18:28] [1] TRUE
INFO [2021-05-20 07:18:28] 
INFO [2021-05-20 07:18:28] $imagetype
INFO [2021-05-20 07:18:28] [1] "png"
INFO [2021-05-20 07:18:28] 
INFO [2021-05-20 07:18:28] $height
INFO [2021-05-20 07:18:28] [1] 480
INFO [2021-05-20 07:18:28] 
INFO [2021-05-20 07:18:28] $width
INFO [2021-05-20 07:18:28] [1] 480
INFO [2021-05-20 07:18:28] 
INFO [2021-05-20 07:18:28] $resolution
INFO [2021-05-20 07:18:28] [1] 300
INFO [2021-05-20 07:18:28] 
INFO [2021-05-20 07:18:28] $compression
INFO [2021-05-20 07:18:28] [1] "lzw"
INFO [2021-05-20 07:18:28] 
INFO [2021-05-20 07:18:28] $lwd
INFO [2021-05-20 07:18:28] [1] 2
INFO [2021-05-20 07:18:28] 
INFO [2021-05-20 07:18:28] $lty
INFO [2021-05-20 07:18:28] [1] "blank"
INFO [2021-05-20 07:18:28] 
INFO [2021-05-20 07:18:28] $fill
INFO [2021-05-20 07:18:28] c("lightblue", "yellow")
INFO [2021-05-20 07:18:28] 
INFO [2021-05-20 07:18:28] $cex
INFO [2021-05-20 07:18:28] [1] 0.6
INFO [2021-05-20 07:18:28] 
INFO [2021-05-20 07:18:28] $fontface
INFO [2021-05-20 07:18:28] [1] "bold"
INFO [2021-05-20 07:18:28] 
INFO [2021-05-20 07:18:28] $fontfamily
INFO [2021-05-20 07:18:28] [1] "sans"
INFO [2021-05-20 07:18:28] 
INFO [2021-05-20 07:18:28] $cat.cex
INFO [2021-05-20 07:18:28] [1] 0.6
INFO [2021-05-20 07:18:28] 
INFO [2021-05-20 07:18:28] $cat.fontface
INFO [2021-05-20 07:18:28] [1] "bold"
INFO [2021-05-20 07:18:28] 
INFO [2021-05-20 07:18:28] $cat.default.pos
INFO [2021-05-20 07:18:28] [1] "outer"
INFO [2021-05-20 07:18:28] 
INFO [2021-05-20 07:18:28] $cat.pos
INFO [2021-05-20 07:18:28] c(-12, 12)
INFO [2021-05-20 07:18:28] 
INFO [2021-05-20 07:18:28] $cat.dist
INFO [2021-05-20 07:18:28] c(0.055, 0.055)
INFO [2021-05-20 07:18:28] 
INFO [2021-05-20 07:18:28] $cat.fontfamily
INFO [2021-05-20 07:18:28] [1] "sans"
INFO [2021-05-20 07:18:28] 
