INFO [2021-05-20 07:18:29] $x
INFO [2021-05-20 07:18:29] list(setT, setP)
INFO [2021-05-20 07:18:29] 
INFO [2021-05-20 07:18:29] $category.names
INFO [2021-05-20 07:18:29] c("Transcriptome", "Proteome")
INFO [2021-05-20 07:18:29] 
INFO [2021-05-20 07:18:29] $filename
INFO [2021-05-20 07:18:29] paste0(pathC, "#", dfname2, ".png")
INFO [2021-05-20 07:18:29] 
INFO [2021-05-20 07:18:29] $output
INFO [2021-05-20 07:18:29] [1] TRUE
INFO [2021-05-20 07:18:29] 
INFO [2021-05-20 07:18:29] $imagetype
INFO [2021-05-20 07:18:29] [1] "png"
INFO [2021-05-20 07:18:29] 
INFO [2021-05-20 07:18:29] $height
INFO [2021-05-20 07:18:29] [1] 480
INFO [2021-05-20 07:18:29] 
INFO [2021-05-20 07:18:29] $width
INFO [2021-05-20 07:18:29] [1] 480
INFO [2021-05-20 07:18:29] 
INFO [2021-05-20 07:18:29] $resolution
INFO [2021-05-20 07:18:29] [1] 300
INFO [2021-05-20 07:18:29] 
INFO [2021-05-20 07:18:29] $compression
INFO [2021-05-20 07:18:29] [1] "lzw"
INFO [2021-05-20 07:18:29] 
INFO [2021-05-20 07:18:29] $lwd
INFO [2021-05-20 07:18:29] [1] 2
INFO [2021-05-20 07:18:29] 
INFO [2021-05-20 07:18:29] $lty
INFO [2021-05-20 07:18:29] [1] "blank"
INFO [2021-05-20 07:18:29] 
INFO [2021-05-20 07:18:29] $fill
INFO [2021-05-20 07:18:29] c("lightblue", "yellow")
INFO [2021-05-20 07:18:29] 
INFO [2021-05-20 07:18:29] $cex
INFO [2021-05-20 07:18:29] [1] 0.6
INFO [2021-05-20 07:18:29] 
INFO [2021-05-20 07:18:29] $fontface
INFO [2021-05-20 07:18:29] [1] "bold"
INFO [2021-05-20 07:18:29] 
INFO [2021-05-20 07:18:29] $fontfamily
INFO [2021-05-20 07:18:29] [1] "sans"
INFO [2021-05-20 07:18:29] 
INFO [2021-05-20 07:18:29] $cat.cex
INFO [2021-05-20 07:18:29] [1] 0.6
INFO [2021-05-20 07:18:29] 
INFO [2021-05-20 07:18:29] $cat.fontface
INFO [2021-05-20 07:18:29] [1] "bold"
INFO [2021-05-20 07:18:29] 
INFO [2021-05-20 07:18:29] $cat.default.pos
INFO [2021-05-20 07:18:29] [1] "outer"
INFO [2021-05-20 07:18:29] 
INFO [2021-05-20 07:18:29] $cat.pos
INFO [2021-05-20 07:18:29] c(-12, 12)
INFO [2021-05-20 07:18:29] 
INFO [2021-05-20 07:18:29] $cat.dist
INFO [2021-05-20 07:18:29] c(0.055, 0.055)
INFO [2021-05-20 07:18:29] 
INFO [2021-05-20 07:18:29] $cat.fontfamily
INFO [2021-05-20 07:18:29] [1] "sans"
INFO [2021-05-20 07:18:29] 
