INFO [2021-05-20 07:18:26] $x
INFO [2021-05-20 07:18:26] list(setT, setP)
INFO [2021-05-20 07:18:26] 
INFO [2021-05-20 07:18:26] $category.names
INFO [2021-05-20 07:18:26] c("Transcriptome", "Proteome")
INFO [2021-05-20 07:18:26] 
INFO [2021-05-20 07:18:26] $filename
INFO [2021-05-20 07:18:26] paste0(pathC, "#", dfname2, ".png")
INFO [2021-05-20 07:18:26] 
INFO [2021-05-20 07:18:26] $output
INFO [2021-05-20 07:18:26] [1] TRUE
INFO [2021-05-20 07:18:26] 
INFO [2021-05-20 07:18:26] $imagetype
INFO [2021-05-20 07:18:26] [1] "png"
INFO [2021-05-20 07:18:26] 
INFO [2021-05-20 07:18:26] $height
INFO [2021-05-20 07:18:26] [1] 480
INFO [2021-05-20 07:18:26] 
INFO [2021-05-20 07:18:26] $width
INFO [2021-05-20 07:18:26] [1] 480
INFO [2021-05-20 07:18:26] 
INFO [2021-05-20 07:18:26] $resolution
INFO [2021-05-20 07:18:26] [1] 300
INFO [2021-05-20 07:18:26] 
INFO [2021-05-20 07:18:26] $compression
INFO [2021-05-20 07:18:26] [1] "lzw"
INFO [2021-05-20 07:18:26] 
INFO [2021-05-20 07:18:26] $lwd
INFO [2021-05-20 07:18:26] [1] 2
INFO [2021-05-20 07:18:26] 
INFO [2021-05-20 07:18:26] $lty
INFO [2021-05-20 07:18:26] [1] "blank"
INFO [2021-05-20 07:18:26] 
INFO [2021-05-20 07:18:26] $fill
INFO [2021-05-20 07:18:26] c("lightblue", "yellow")
INFO [2021-05-20 07:18:26] 
INFO [2021-05-20 07:18:26] $cex
INFO [2021-05-20 07:18:26] [1] 0.6
INFO [2021-05-20 07:18:26] 
INFO [2021-05-20 07:18:26] $fontface
INFO [2021-05-20 07:18:26] [1] "bold"
INFO [2021-05-20 07:18:26] 
INFO [2021-05-20 07:18:26] $fontfamily
INFO [2021-05-20 07:18:26] [1] "sans"
INFO [2021-05-20 07:18:26] 
INFO [2021-05-20 07:18:26] $cat.cex
INFO [2021-05-20 07:18:26] [1] 0.6
INFO [2021-05-20 07:18:26] 
INFO [2021-05-20 07:18:26] $cat.fontface
INFO [2021-05-20 07:18:26] [1] "bold"
INFO [2021-05-20 07:18:26] 
INFO [2021-05-20 07:18:26] $cat.default.pos
INFO [2021-05-20 07:18:26] [1] "outer"
INFO [2021-05-20 07:18:26] 
INFO [2021-05-20 07:18:26] $cat.pos
INFO [2021-05-20 07:18:26] c(-12, 12)
INFO [2021-05-20 07:18:26] 
INFO [2021-05-20 07:18:26] $cat.dist
INFO [2021-05-20 07:18:26] c(0.055, 0.055)
INFO [2021-05-20 07:18:26] 
INFO [2021-05-20 07:18:26] $cat.fontfamily
INFO [2021-05-20 07:18:26] [1] "sans"
INFO [2021-05-20 07:18:26] 
