INFO [2021-05-20 07:18:25] $x
INFO [2021-05-20 07:18:25] list(setT, setP)
INFO [2021-05-20 07:18:25] 
INFO [2021-05-20 07:18:25] $category.names
INFO [2021-05-20 07:18:25] c("Transcriptome", "Proteome")
INFO [2021-05-20 07:18:25] 
INFO [2021-05-20 07:18:25] $filename
INFO [2021-05-20 07:18:25] paste0(pathC, "#", dfname2, ".png")
INFO [2021-05-20 07:18:25] 
INFO [2021-05-20 07:18:25] $output
INFO [2021-05-20 07:18:25] [1] TRUE
INFO [2021-05-20 07:18:25] 
INFO [2021-05-20 07:18:25] $imagetype
INFO [2021-05-20 07:18:25] [1] "png"
INFO [2021-05-20 07:18:25] 
INFO [2021-05-20 07:18:25] $height
INFO [2021-05-20 07:18:25] [1] 480
INFO [2021-05-20 07:18:25] 
INFO [2021-05-20 07:18:25] $width
INFO [2021-05-20 07:18:25] [1] 480
INFO [2021-05-20 07:18:25] 
INFO [2021-05-20 07:18:25] $resolution
INFO [2021-05-20 07:18:25] [1] 300
INFO [2021-05-20 07:18:25] 
INFO [2021-05-20 07:18:25] $compression
INFO [2021-05-20 07:18:25] [1] "lzw"
INFO [2021-05-20 07:18:25] 
INFO [2021-05-20 07:18:25] $lwd
INFO [2021-05-20 07:18:25] [1] 2
INFO [2021-05-20 07:18:25] 
INFO [2021-05-20 07:18:25] $lty
INFO [2021-05-20 07:18:25] [1] "blank"
INFO [2021-05-20 07:18:25] 
INFO [2021-05-20 07:18:25] $fill
INFO [2021-05-20 07:18:25] c("lightblue", "yellow")
INFO [2021-05-20 07:18:25] 
INFO [2021-05-20 07:18:25] $cex
INFO [2021-05-20 07:18:25] [1] 0.6
INFO [2021-05-20 07:18:25] 
INFO [2021-05-20 07:18:25] $fontface
INFO [2021-05-20 07:18:25] [1] "bold"
INFO [2021-05-20 07:18:25] 
INFO [2021-05-20 07:18:25] $fontfamily
INFO [2021-05-20 07:18:25] [1] "sans"
INFO [2021-05-20 07:18:25] 
INFO [2021-05-20 07:18:25] $cat.cex
INFO [2021-05-20 07:18:25] [1] 0.6
INFO [2021-05-20 07:18:25] 
INFO [2021-05-20 07:18:25] $cat.fontface
INFO [2021-05-20 07:18:25] [1] "bold"
INFO [2021-05-20 07:18:25] 
INFO [2021-05-20 07:18:25] $cat.default.pos
INFO [2021-05-20 07:18:25] [1] "outer"
INFO [2021-05-20 07:18:25] 
INFO [2021-05-20 07:18:25] $cat.pos
INFO [2021-05-20 07:18:25] c(-12, 12)
INFO [2021-05-20 07:18:25] 
INFO [2021-05-20 07:18:25] $cat.dist
INFO [2021-05-20 07:18:25] c(0.055, 0.055)
INFO [2021-05-20 07:18:25] 
INFO [2021-05-20 07:18:25] $cat.fontfamily
INFO [2021-05-20 07:18:25] [1] "sans"
INFO [2021-05-20 07:18:25] 
