INFO [2021-05-20 07:18:27] $x
INFO [2021-05-20 07:18:27] list(setT, setP)
INFO [2021-05-20 07:18:27] 
INFO [2021-05-20 07:18:27] $category.names
INFO [2021-05-20 07:18:27] c("Transcriptome", "Proteome")
INFO [2021-05-20 07:18:27] 
INFO [2021-05-20 07:18:27] $filename
INFO [2021-05-20 07:18:27] paste0(pathC, "#", dfname2, ".png")
INFO [2021-05-20 07:18:27] 
INFO [2021-05-20 07:18:27] $output
INFO [2021-05-20 07:18:27] [1] TRUE
INFO [2021-05-20 07:18:27] 
INFO [2021-05-20 07:18:27] $imagetype
INFO [2021-05-20 07:18:27] [1] "png"
INFO [2021-05-20 07:18:27] 
INFO [2021-05-20 07:18:27] $height
INFO [2021-05-20 07:18:27] [1] 480
INFO [2021-05-20 07:18:27] 
INFO [2021-05-20 07:18:27] $width
INFO [2021-05-20 07:18:27] [1] 480
INFO [2021-05-20 07:18:27] 
INFO [2021-05-20 07:18:27] $resolution
INFO [2021-05-20 07:18:27] [1] 300
INFO [2021-05-20 07:18:27] 
INFO [2021-05-20 07:18:27] $compression
INFO [2021-05-20 07:18:27] [1] "lzw"
INFO [2021-05-20 07:18:27] 
INFO [2021-05-20 07:18:27] $lwd
INFO [2021-05-20 07:18:27] [1] 2
INFO [2021-05-20 07:18:27] 
INFO [2021-05-20 07:18:27] $lty
INFO [2021-05-20 07:18:27] [1] "blank"
INFO [2021-05-20 07:18:27] 
INFO [2021-05-20 07:18:27] $fill
INFO [2021-05-20 07:18:27] c("lightblue", "yellow")
INFO [2021-05-20 07:18:27] 
INFO [2021-05-20 07:18:27] $cex
INFO [2021-05-20 07:18:27] [1] 0.6
INFO [2021-05-20 07:18:27] 
INFO [2021-05-20 07:18:27] $fontface
INFO [2021-05-20 07:18:27] [1] "bold"
INFO [2021-05-20 07:18:27] 
INFO [2021-05-20 07:18:27] $fontfamily
INFO [2021-05-20 07:18:27] [1] "sans"
INFO [2021-05-20 07:18:27] 
INFO [2021-05-20 07:18:27] $cat.cex
INFO [2021-05-20 07:18:27] [1] 0.6
INFO [2021-05-20 07:18:27] 
INFO [2021-05-20 07:18:27] $cat.fontface
INFO [2021-05-20 07:18:27] [1] "bold"
INFO [2021-05-20 07:18:27] 
INFO [2021-05-20 07:18:27] $cat.default.pos
INFO [2021-05-20 07:18:27] [1] "outer"
INFO [2021-05-20 07:18:27] 
INFO [2021-05-20 07:18:27] $cat.pos
INFO [2021-05-20 07:18:27] c(-12, 12)
INFO [2021-05-20 07:18:27] 
INFO [2021-05-20 07:18:27] $cat.dist
INFO [2021-05-20 07:18:27] c(0.055, 0.055)
INFO [2021-05-20 07:18:27] 
INFO [2021-05-20 07:18:27] $cat.fontfamily
INFO [2021-05-20 07:18:27] [1] "sans"
INFO [2021-05-20 07:18:27] 
